<<<<<<< HEAD
{"mode": "train", "ver": "v3", "name": "005930", "stock_code": ["005930"], "rl_method": "a3c", "net": "lstm", "backend": "pytorch", "start_date": "20210701", "end_date": "20211131", "lr": 0.0001, "discount_factor": 0.7, "balance": 100000000}
[005930] RL:a3c NET:lstm LR:0.0001 DF:0.7 
[005930][Epoch 001/100] Epsilon:1.0000 #Expl.:39239/39239 #Buy:8113 #Sell:8784 #Hold:22342 #Stocks:0 PV:69,547 Loss:0.732295 ET:162.7919
[005930][Epoch 002/100] Epsilon:0.9899 #Expl.:38837/39239 #Buy:8043 #Sell:8690 #Hold:22506 #Stocks:0 PV:69,541 Loss:0.728371 ET:148.4780
[005930][Epoch 003/100] Epsilon:0.9798 #Expl.:38428/39239 #Buy:8239 #Sell:8811 #Hold:22189 #Stocks:0 PV:69,617 Loss:0.728647 ET:147.0775
[005930][Epoch 004/100] Epsilon:0.9697 #Expl.:38061/39239 #Buy:8131 #Sell:8696 #Hold:22412 #Stocks:0 PV:69,523 Loss:0.726401 ET:144.3846
[005930][Epoch 005/100] Epsilon:0.9596 #Expl.:37595/39239 #Buy:8364 #Sell:8864 #Hold:22011 #Stocks:0 PV:69,575 Loss:0.727154 ET:144.9870
[005930][Epoch 006/100] Epsilon:0.9495 #Expl.:37285/39239 #Buy:8396 #Sell:8905 #Hold:21938 #Stocks:0 PV:69,597 Loss:0.726709 ET:144.8255
[005930][Epoch 007/100] Epsilon:0.9394 #Expl.:36829/39239 #Buy:8307 #Sell:8786 #Hold:22146 #Stocks:0 PV:69,561 Loss:0.727347 ET:146.2229
[005930][Epoch 008/100] Epsilon:0.9293 #Expl.:36431/39239 #Buy:8482 #Sell:8957 #Hold:21800 #Stocks:0 PV:69,672 Loss:0.728331 ET:147.7476
[005930][Epoch 009/100] Epsilon:0.9192 #Expl.:36100/39239 #Buy:8402 #Sell:8810 #Hold:22027 #Stocks:0 PV:69,666 Loss:0.727710 ET:144.8796
[005930][Epoch 010/100] Epsilon:0.9091 #Expl.:35725/39239 #Buy:8560 #Sell:8939 #Hold:21740 #Stocks:0 PV:70,043 Loss:0.729053 ET:147.6823
[005930][Epoch 011/100] Epsilon:0.8990 #Expl.:35299/39239 #Buy:8470 #Sell:8825 #Hold:21944 #Stocks:0 PV:69,630 Loss:0.728686 ET:154.8696
[005930][Epoch 012/100] Epsilon:0.8889 #Expl.:34867/39239 #Buy:8479 #Sell:8865 #Hold:21895 #Stocks:0 PV:70,007 Loss:0.729233 ET:152.3579
[005930][Epoch 013/100] Epsilon:0.8788 #Expl.:34413/39239 #Buy:8353 #Sell:8643 #Hold:22243 #Stocks:0 PV:69,756 Loss:0.729081 ET:146.4203
[005930][Epoch 014/100] Epsilon:0.8687 #Expl.:34116/39239 #Buy:8482 #Sell:8815 #Hold:21942 #Stocks:0 PV:69,984 Loss:0.730235 ET:144.7927
[005930][Epoch 015/100] Epsilon:0.8586 #Expl.:33741/39239 #Buy:8294 #Sell:8584 #Hold:22361 #Stocks:0 PV:69,522 Loss:0.728814 ET:146.3200
[005930][Epoch 016/100] Epsilon:0.8485 #Expl.:33298/39239 #Buy:8433 #Sell:8669 #Hold:22137 #Stocks:0 PV:70,015 Loss:0.730701 ET:146.3657
[005930][Epoch 017/100] Epsilon:0.8384 #Expl.:32929/39239 #Buy:8517 #Sell:8759 #Hold:21963 #Stocks:0 PV:70,049 Loss:0.732707 ET:147.3896
[005930][Epoch 018/100] Epsilon:0.8283 #Expl.:32457/39239 #Buy:8436 #Sell:8665 #Hold:22138 #Stocks:0 PV:70,102 Loss:0.731488 ET:147.9801
[005930][Epoch 019/100] Epsilon:0.8182 #Expl.:32028/39239 #Buy:8361 #Sell:8530 #Hold:22348 #Stocks:0 PV:70,060 Loss:0.731778 ET:146.1231
[005930][Epoch 020/100] Epsilon:0.8081 #Expl.:31762/39239 #Buy:8375 #Sell:8555 #Hold:22309 #Stocks:0 PV:70,081 Loss:0.733121 ET:147.6334
[005930][Epoch 021/100] Epsilon:0.7980 #Expl.:31400/39239 #Buy:8422 #Sell:8573 #Hold:22244 #Stocks:0 PV:70,424 Loss:0.734339 ET:152.0852
[005930][Epoch 022/100] Epsilon:0.7879 #Expl.:31001/39239 #Buy:8320 #Sell:8474 #Hold:22445 #Stocks:0 PV:69,998 Loss:0.734072 ET:151.6780
[005930][Epoch 023/100] Epsilon:0.7778 #Expl.:30447/39239 #Buy:8487 #Sell:8611 #Hold:22141 #Stocks:0 PV:70,665 Loss:0.736098 ET:149.1943
[005930][Epoch 024/100] Epsilon:0.7677 #Expl.:30215/39239 #Buy:8496 #Sell:8615 #Hold:22128 #Stocks:0 PV:70,495 Loss:0.735072 ET:149.9056
[005930][Epoch 025/100] Epsilon:0.7576 #Expl.:29722/39239 #Buy:8567 #Sell:8678 #Hold:21994 #Stocks:0 PV:70,362 Loss:0.736008 ET:148.3727
[005930][Epoch 026/100] Epsilon:0.7475 #Expl.:29296/39239 #Buy:8464 #Sell:8571 #Hold:22204 #Stocks:0 PV:70,453 Loss:0.737097 ET:149.2289
[005930][Epoch 027/100] Epsilon:0.7374 #Expl.:29020/39239 #Buy:8456 #Sell:8572 #Hold:22211 #Stocks:0 PV:70,314 Loss:0.736337 ET:149.1458
[005930][Epoch 028/100] Epsilon:0.7273 #Expl.:28405/39239 #Buy:8470 #Sell:8564 #Hold:22205 #Stocks:0 PV:91,795 Loss:0.739845 ET:149.0414
[005930][Epoch 029/100] Epsilon:0.7172 #Expl.:28209/39239 #Buy:8482 #Sell:8555 #Hold:22202 #Stocks:0 PV:71,107 Loss:0.738945 ET:148.3064
[005930][Epoch 030/100] Epsilon:0.7071 #Expl.:27617/39239 #Buy:8382 #Sell:8437 #Hold:22420 #Stocks:1 PV:101,931 Loss:0.740665 ET:148.5903
[005930][Epoch 031/100] Epsilon:0.6970 #Expl.:27399/39239 #Buy:8278 #Sell:8350 #Hold:22611 #Stocks:1 PV:93,196 Loss:0.741041 ET:161.2029
[005930][Epoch 032/100] Epsilon:0.6869 #Expl.:26884/39239 #Buy:8300 #Sell:8361 #Hold:22578 #Stocks:1 PV:114,161 Loss:0.741666 ET:152.4327
[005930][Epoch 033/100] Epsilon:0.6768 #Expl.:26536/39239 #Buy:8221 #Sell:8276 #Hold:22742 #Stocks:1 PV:120,651 Loss:0.742670 ET:145.6339
[005930][Epoch 034/100] Epsilon:0.6667 #Expl.:26073/39239 #Buy:8002 #Sell:8046 #Hold:23191 #Stocks:2 PV:193,059 Loss:0.745333 ET:148.8230
[005930][Epoch 035/100] Epsilon:0.6566 #Expl.:25805/39239 #Buy:8021 #Sell:8059 #Hold:23159 #Stocks:2 PV:175,115 Loss:0.745078 ET:163.9313
[005930][Epoch 036/100] Epsilon:0.6465 #Expl.:25449/39239 #Buy:7890 #Sell:7918 #Hold:23431 #Stocks:3 PV:259,503 Loss:0.746852 ET:164.3659
[005930][Epoch 037/100] Epsilon:0.6364 #Expl.:24897/39239 #Buy:7785 #Sell:7808 #Hold:23646 #Stocks:4 PV:291,643 Loss:0.748066 ET:166.0546
[005930][Epoch 038/100] Epsilon:0.6263 #Expl.:24713/39239 #Buy:7846 #Sell:7888 #Hold:23505 #Stocks:0 PV:280,711 Loss:0.747099 ET:164.7471
[005930][Epoch 039/100] Epsilon:0.6162 #Expl.:24202/39239 #Buy:7650 #Sell:7671 #Hold:23918 #Stocks:5 PV:376,776 Loss:0.748551 ET:164.9032
[005930][Epoch 040/100] Epsilon:0.6061 #Expl.:23703/39239 #Buy:7503 #Sell:7534 #Hold:24202 #Stocks:7 PV:538,771 Loss:0.749573 ET:168.4641
[005930][Epoch 041/100] Epsilon:0.5960 #Expl.:23301/39239 #Buy:7569 #Sell:7585 #Hold:24085 #Stocks:7 PV:519,501 Loss:0.750584 ET:170.8798
[005930][Epoch 042/100] Epsilon:0.5859 #Expl.:22982/39239 #Buy:7394 #Sell:7409 #Hold:24436 #Stocks:12 PV:875,622 Loss:0.749138 ET:170.5808
[005930][Epoch 043/100] Epsilon:0.5758 #Expl.:22692/39239 #Buy:7427 #Sell:7454 #Hold:24358 #Stocks:0 PV:679,183 Loss:0.752205 ET:167.8554
[005930][Epoch 044/100] Epsilon:0.5657 #Expl.:22157/39239 #Buy:7204 #Sell:7216 #Hold:24819 #Stocks:14 PV:1,088,662 Loss:0.751211 ET:165.3069
[005930][Epoch 045/100] Epsilon:0.5556 #Expl.:21684/39239 #Buy:7150 #Sell:7156 #Hold:24933 #Stocks:21 PV:1,551,272 Loss:0.755787 ET:161.8718
[005930][Epoch 046/100] Epsilon:0.5455 #Expl.:21452/39239 #Buy:7046 #Sell:7055 #Hold:25138 #Stocks:21 PV:1,573,988 Loss:0.749337 ET:162.5991
[005930][Epoch 047/100] Epsilon:0.5354 #Expl.:21020/39239 #Buy:6925 #Sell:6930 #Hold:25384 #Stocks:36 PV:2,622,593 Loss:0.758850 ET:166.0983
[005930][Epoch 048/100] Epsilon:0.5253 #Expl.:20569/39239 #Buy:6795 #Sell:6796 #Hold:25648 #Stocks:38 PV:2,829,723 Loss:0.750201 ET:165.9836
[005930][Epoch 049/100] Epsilon:0.5152 #Expl.:20317/39239 #Buy:6738 #Sell:6728 #Hold:25773 #Stocks:80 PV:5,819,503 Loss:0.765185 ET:164.8839
[005930][Epoch 050/100] Epsilon:0.5051 #Expl.:19668/39239 #Buy:6558 #Sell:6560 #Hold:26121 #Stocks:73 PV:5,305,730 Loss:0.745642 ET:166.1185
[005930][Epoch 051/100] Epsilon:0.4949 #Expl.:19402/39239 #Buy:6444 #Sell:6435 #Hold:26360 #Stocks:43 PV:7,963,541 Loss:0.746679 ET:171.4564
[005930][Epoch 052/100] Epsilon:0.4848 #Expl.:18925/39239 #Buy:6269 #Sell:6253 #Hold:26717 #Stocks:143 PV:10,426,036 Loss:0.748045 ET:170.7754
[005930][Epoch 053/100] Epsilon:0.4747 #Expl.:18675/39239 #Buy:6392 #Sell:6384 #Hold:26463 #Stocks:97 PV:7,077,204 Loss:0.747251 ET:162.4034
[005930][Epoch 054/100] Epsilon:0.4646 #Expl.:18128/39239 #Buy:6169 #Sell:6147 #Hold:26923 #Stocks:163 PV:11,889,363 Loss:0.760493 ET:164.4930
[005930][Epoch 055/100] Epsilon:0.4545 #Expl.:17789/39239 #Buy:5946 #Sell:5926 #Hold:27367 #Stocks:192 PV:13,949,494 Loss:0.748246 ET:162.9603
[005930][Epoch 056/100] Epsilon:0.4444 #Expl.:17479/39239 #Buy:5848 #Sell:5824 #Hold:27567 #Stocks:221 PV:16,088,480 Loss:0.744747 ET:164.4316
[005930][Epoch 057/100] Epsilon:0.4343 #Expl.:17079/39239 #Buy:5769 #Sell:5753 #Hold:27717 #Stocks:217 PV:15,818,719 Loss:0.739545 ET:162.0522
[005930][Epoch 058/100] Epsilon:0.4242 #Expl.:16645/39239 #Buy:5507 #Sell:5487 #Hold:28245 #Stocks:177 PV:17,845,113 Loss:0.733339 ET:163.7037
[005930][Epoch 059/100] Epsilon:0.4141 #Expl.:16374/39239 #Buy:5464 #Sell:5439 #Hold:28336 #Stocks:267 PV:19,430,471 Loss:0.734950 ET:164.8170
[005930][Epoch 060/100] Epsilon:0.4040 #Expl.:15680/39239 #Buy:5293 #Sell:5279 #Hold:28667 #Stocks:229 PV:21,514,155 Loss:0.729814 ET:164.2532
[005930][Epoch 061/100] Epsilon:0.3939 #Expl.:15402/39239 #Buy:5111 #Sell:5088 #Hold:29040 #Stocks:340 PV:24,696,631 Loss:0.730546 ET:169.7223
[005930][Epoch 062/100] Epsilon:0.3838 #Expl.:15075/39239 #Buy:5109 #Sell:5089 #Hold:29041 #Stocks:337 PV:24,532,431 Loss:0.732192 ET:172.7976
[005930][Epoch 063/100] Epsilon:0.3737 #Expl.:14497/39239 #Buy:4792 #Sell:4769 #Hold:29678 #Stocks:371 PV:26,974,769 Loss:0.724953 ET:165.6493
[005930][Epoch 064/100] Epsilon:0.3636 #Expl.:14240/39239 #Buy:4753 #Sell:4732 #Hold:29754 #Stocks:316 PV:27,965,133 Loss:0.728056 ET:165.8685
[005930][Epoch 065/100] Epsilon:0.3535 #Expl.:13967/39239 #Buy:4601 #Sell:4575 #Hold:30063 #Stocks:425 PV:30,904,881 Loss:0.725594 ET:166.9725
[005930][Epoch 066/100] Epsilon:0.3434 #Expl.:13325/39239 #Buy:4434 #Sell:4414 #Hold:30391 #Stocks:464 PV:33,725,761 Loss:0.721677 ET:166.2596
[005930][Epoch 067/100] Epsilon:0.3333 #Expl.:12849/39239 #Buy:4332 #Sell:4310 #Hold:30597 #Stocks:480 PV:34,870,826 Loss:0.732950 ET:165.2922
[005930][Epoch 068/100] Epsilon:0.3232 #Expl.:12664/39239 #Buy:4199 #Sell:4178 #Hold:30862 #Stocks:496 PV:36,026,010 Loss:0.720243 ET:166.0524
[005930][Epoch 069/100] Epsilon:0.3131 #Expl.:12310/39239 #Buy:4196 #Sell:4171 #Hold:30872 #Stocks:485 PV:35,266,829 Loss:0.728182 ET:165.5211
[005930][Epoch 070/100] Epsilon:0.3030 #Expl.:11987/39239 #Buy:4070 #Sell:4045 #Hold:31124 #Stocks:459 PV:38,259,924 Loss:0.730910 ET:166.8398
[005930][Epoch 071/100] Epsilon:0.2929 #Expl.:11503/39239 #Buy:3860 #Sell:3832 #Hold:31547 #Stocks:565 PV:41,032,469 Loss:0.732032 ET:169.8094
[005930][Epoch 072/100] Epsilon:0.2828 #Expl.:11076/39239 #Buy:3771 #Sell:3744 #Hold:31724 #Stocks:598 PV:43,447,017 Loss:0.734177 ET:169.3175
[005930][Epoch 073/100] Epsilon:0.2727 #Expl.:10626/39239 #Buy:3678 #Sell:3652 #Hold:31909 #Stocks:637 PV:46,268,984 Loss:0.736666 ET:165.8257
[005930][Epoch 074/100] Epsilon:0.2626 #Expl.:10182/39239 #Buy:3470 #Sell:3443 #Hold:32326 #Stocks:668 PV:48,520,039 Loss:0.734971 ET:164.1947
[005930][Epoch 075/100] Epsilon:0.2525 #Expl.:9959/39239 #Buy:3332 #Sell:3304 #Hold:32603 #Stocks:681 PV:49,498,373 Loss:0.732159 ET:165.3153
[005930][Epoch 076/100] Epsilon:0.2424 #Expl.:9401/39239 #Buy:3163 #Sell:3134 #Hold:32942 #Stocks:703 PV:51,044,580 Loss:0.724700 ET:165.5587
[005930][Epoch 077/100] Epsilon:0.2323 #Expl.:9243/39239 #Buy:3078 #Sell:3054 #Hold:33107 #Stocks:700 PV:50,846,061 Loss:0.719186 ET:163.9415
[005930][Epoch 078/100] Epsilon:0.2222 #Expl.:8682/39239 #Buy:2895 #Sell:2872 #Hold:33472 #Stocks:747 PV:54,239,284 Loss:0.719466 ET:166.0634
[005930][Epoch 079/100] Epsilon:0.2121 #Expl.:8295/39239 #Buy:2785 #Sell:2761 #Hold:33693 #Stocks:768 PV:55,794,668 Loss:0.713569 ET:165.3394
[005930][Epoch 080/100] Epsilon:0.2020 #Expl.:7919/39239 #Buy:2690 #Sell:2666 #Hold:33883 #Stocks:764 PV:55,496,471 Loss:0.709845 ET:164.3374
[005930][Epoch 081/100] Epsilon:0.1919 #Expl.:7525/39239 #Buy:2534 #Sell:2513 #Hold:34192 #Stocks:791 PV:57,449,252 Loss:0.707472 ET:170.9640
[005930][Epoch 082/100] Epsilon:0.1818 #Expl.:7029/39239 #Buy:2360 #Sell:2340 #Hold:34539 #Stocks:790 PV:57,392,573 Loss:0.733768 ET:171.5101
[005930][Epoch 083/100] Epsilon:0.1717 #Expl.:6811/39239 #Buy:2228 #Sell:2207 #Hold:34804 #Stocks:831 PV:60,342,157 Loss:0.725736 ET:166.4465
[005930][Epoch 084/100] Epsilon:0.1616 #Expl.:6309/39239 #Buy:2151 #Sell:2130 #Hold:34958 #Stocks:749 PV:59,718,877 Loss:0.742487 ET:163.1758
[005930][Epoch 085/100] Epsilon:0.1515 #Expl.:5862/39239 #Buy:1971 #Sell:1949 #Hold:35319 #Stocks:886 PV:64,323,958 Loss:0.721546 ET:164.3430
[005930][Epoch 086/100] Epsilon:0.1414 #Expl.:5595/39239 #Buy:1905 #Sell:1880 #Hold:35454 #Stocks:901 PV:65,437,053 Loss:0.711452 ET:163.7187
[005930][Epoch 087/100] Epsilon:0.1313 #Expl.:5124/39239 #Buy:1778 #Sell:1732 #Hold:35729 #Stocks:856 PV:67,135,269 Loss:0.707100 ET:164.3747
[005930][Epoch 088/100] Epsilon:0.1212 #Expl.:4764/39239 #Buy:1601 #Sell:1570 #Hold:36068 #Stocks:1012 PV:73,476,596 Loss:0.704652 ET:167.5927
[005930][Epoch 089/100] Epsilon:0.1111 #Expl.:4401/39239 #Buy:1480 #Sell:1458 #Hold:36301 #Stocks:1009 PV:73,277,535 Loss:0.706340 ET:164.3936
[005930][Epoch 090/100] Epsilon:0.1010 #Expl.:3927/39239 #Buy:1312 #Sell:1289 #Hold:36638 #Stocks:1008 PV:73,226,870 Loss:0.703526 ET:163.7463
[005930][Epoch 091/100] Epsilon:0.0909 #Expl.:3514/39239 #Buy:1205 #Sell:1181 #Hold:36853 #Stocks:1038 PV:75,427,276 Loss:0.701013 ET:171.2480
[005930][Epoch 092/100] Epsilon:0.0808 #Expl.:3183/39239 #Buy:1095 #Sell:1071 #Hold:37073 #Stocks:1056 PV:76,692,413 Loss:0.699237 ET:172.4696
[005930][Epoch 093/100] Epsilon:0.0707 #Expl.:2828/39239 #Buy:953 #Sell:931 #Hold:37355 #Stocks:1077 PV:78,248,572 Loss:0.698225 ET:166.8592
[005930][Epoch 094/100] Epsilon:0.0606 #Expl.:2388/39239 #Buy:853 #Sell:831 #Hold:37555 #Stocks:1105 PV:80,229,294 Loss:0.698296 ET:166.0871
[005930][Epoch 095/100] Epsilon:0.0505 #Expl.:2031/39239 #Buy:663 #Sell:641 #Hold:37935 #Stocks:1133 PV:82,287,080 Loss:0.695670 ET:167.0888
[005930][Epoch 096/100] Epsilon:0.0404 #Expl.:1600/39239 #Buy:568 #Sell:545 #Hold:38126 #Stocks:1145 PV:83,146,342 Loss:0.698758 ET:165.6169
[005930][Epoch 097/100] Epsilon:0.0303 #Expl.:1226/39239 #Buy:436 #Sell:415 #Hold:38388 #Stocks:1175 PV:85,326,931 Loss:0.694422 ET:166.0411
[005930][Epoch 098/100] Epsilon:0.0202 #Expl.:846/39239 #Buy:293 #Sell:273 #Hold:38673 #Stocks:1199 PV:87,048,174 Loss:0.693978 ET:167.4513
[005930][Epoch 099/100] Epsilon:0.0101 #Expl.:374/39239 #Buy:158 #Sell:136 #Hold:38945 #Stocks:1222 PV:88,780,328 Loss:0.694018 ET:168.3449
[005930][Epoch 100/100] Epsilon:0.0000 #Expl.:0/39239 #Buy:20 #Sell:0 #Hold:39219 #Stocks:1246 PV:90,526,612 Loss:0.693437 ET:167.1828
[005930] Elapsed Time:17104.3121 Max PV:90,526,612 #Win:0
=======
{"mode": "train", "ver": "v3", "name": "005930", "stock_code": ["005930"], "rl_method": "a3c", "net": "lstm", "backend": "pytorch", "start_date": "20210701", "end_date": "20211131", "lr": 0.0001, "discount_factor": 0.7, "balance": 100000000}
[005930] RL:a3c NET:lstm LR:0.0001 DF:0.7 
[005930][Epoch 001/100] Epsilon:1.0000 #Expl.:39239/39239 #Buy:8113 #Sell:8784 #Hold:22342 #Stocks:0 PV:69,547 Loss:0.732295 ET:162.7919
[005930][Epoch 002/100] Epsilon:0.9899 #Expl.:38837/39239 #Buy:8043 #Sell:8690 #Hold:22506 #Stocks:0 PV:69,541 Loss:0.728371 ET:148.4780
[005930][Epoch 003/100] Epsilon:0.9798 #Expl.:38428/39239 #Buy:8239 #Sell:8811 #Hold:22189 #Stocks:0 PV:69,617 Loss:0.728647 ET:147.0775
[005930][Epoch 004/100] Epsilon:0.9697 #Expl.:38061/39239 #Buy:8131 #Sell:8696 #Hold:22412 #Stocks:0 PV:69,523 Loss:0.726401 ET:144.3846
[005930][Epoch 005/100] Epsilon:0.9596 #Expl.:37595/39239 #Buy:8364 #Sell:8864 #Hold:22011 #Stocks:0 PV:69,575 Loss:0.727154 ET:144.9870
[005930][Epoch 006/100] Epsilon:0.9495 #Expl.:37285/39239 #Buy:8396 #Sell:8905 #Hold:21938 #Stocks:0 PV:69,597 Loss:0.726709 ET:144.8255
[005930][Epoch 007/100] Epsilon:0.9394 #Expl.:36829/39239 #Buy:8307 #Sell:8786 #Hold:22146 #Stocks:0 PV:69,561 Loss:0.727347 ET:146.2229
[005930][Epoch 008/100] Epsilon:0.9293 #Expl.:36431/39239 #Buy:8482 #Sell:8957 #Hold:21800 #Stocks:0 PV:69,672 Loss:0.728331 ET:147.7476
[005930][Epoch 009/100] Epsilon:0.9192 #Expl.:36100/39239 #Buy:8402 #Sell:8810 #Hold:22027 #Stocks:0 PV:69,666 Loss:0.727710 ET:144.8796
[005930][Epoch 010/100] Epsilon:0.9091 #Expl.:35725/39239 #Buy:8560 #Sell:8939 #Hold:21740 #Stocks:0 PV:70,043 Loss:0.729053 ET:147.6823
[005930][Epoch 011/100] Epsilon:0.8990 #Expl.:35299/39239 #Buy:8470 #Sell:8825 #Hold:21944 #Stocks:0 PV:69,630 Loss:0.728686 ET:154.8696
[005930][Epoch 012/100] Epsilon:0.8889 #Expl.:34867/39239 #Buy:8479 #Sell:8865 #Hold:21895 #Stocks:0 PV:70,007 Loss:0.729233 ET:152.3579
[005930][Epoch 013/100] Epsilon:0.8788 #Expl.:34413/39239 #Buy:8353 #Sell:8643 #Hold:22243 #Stocks:0 PV:69,756 Loss:0.729081 ET:146.4203
[005930][Epoch 014/100] Epsilon:0.8687 #Expl.:34116/39239 #Buy:8482 #Sell:8815 #Hold:21942 #Stocks:0 PV:69,984 Loss:0.730235 ET:144.7927
[005930][Epoch 015/100] Epsilon:0.8586 #Expl.:33741/39239 #Buy:8294 #Sell:8584 #Hold:22361 #Stocks:0 PV:69,522 Loss:0.728814 ET:146.3200
[005930][Epoch 016/100] Epsilon:0.8485 #Expl.:33298/39239 #Buy:8433 #Sell:8669 #Hold:22137 #Stocks:0 PV:70,015 Loss:0.730701 ET:146.3657
[005930][Epoch 017/100] Epsilon:0.8384 #Expl.:32929/39239 #Buy:8517 #Sell:8759 #Hold:21963 #Stocks:0 PV:70,049 Loss:0.732707 ET:147.3896
[005930][Epoch 018/100] Epsilon:0.8283 #Expl.:32457/39239 #Buy:8436 #Sell:8665 #Hold:22138 #Stocks:0 PV:70,102 Loss:0.731488 ET:147.9801
[005930][Epoch 019/100] Epsilon:0.8182 #Expl.:32028/39239 #Buy:8361 #Sell:8530 #Hold:22348 #Stocks:0 PV:70,060 Loss:0.731778 ET:146.1231
[005930][Epoch 020/100] Epsilon:0.8081 #Expl.:31762/39239 #Buy:8375 #Sell:8555 #Hold:22309 #Stocks:0 PV:70,081 Loss:0.733121 ET:147.6334
[005930][Epoch 021/100] Epsilon:0.7980 #Expl.:31400/39239 #Buy:8422 #Sell:8573 #Hold:22244 #Stocks:0 PV:70,424 Loss:0.734339 ET:152.0852
[005930][Epoch 022/100] Epsilon:0.7879 #Expl.:31001/39239 #Buy:8320 #Sell:8474 #Hold:22445 #Stocks:0 PV:69,998 Loss:0.734072 ET:151.6780
[005930][Epoch 023/100] Epsilon:0.7778 #Expl.:30447/39239 #Buy:8487 #Sell:8611 #Hold:22141 #Stocks:0 PV:70,665 Loss:0.736098 ET:149.1943
[005930][Epoch 024/100] Epsilon:0.7677 #Expl.:30215/39239 #Buy:8496 #Sell:8615 #Hold:22128 #Stocks:0 PV:70,495 Loss:0.735072 ET:149.9056
[005930][Epoch 025/100] Epsilon:0.7576 #Expl.:29722/39239 #Buy:8567 #Sell:8678 #Hold:21994 #Stocks:0 PV:70,362 Loss:0.736008 ET:148.3727
[005930][Epoch 026/100] Epsilon:0.7475 #Expl.:29296/39239 #Buy:8464 #Sell:8571 #Hold:22204 #Stocks:0 PV:70,453 Loss:0.737097 ET:149.2289
[005930][Epoch 027/100] Epsilon:0.7374 #Expl.:29020/39239 #Buy:8456 #Sell:8572 #Hold:22211 #Stocks:0 PV:70,314 Loss:0.736337 ET:149.1458
[005930][Epoch 028/100] Epsilon:0.7273 #Expl.:28405/39239 #Buy:8470 #Sell:8564 #Hold:22205 #Stocks:0 PV:91,795 Loss:0.739845 ET:149.0414
[005930][Epoch 029/100] Epsilon:0.7172 #Expl.:28209/39239 #Buy:8482 #Sell:8555 #Hold:22202 #Stocks:0 PV:71,107 Loss:0.738945 ET:148.3064
[005930][Epoch 030/100] Epsilon:0.7071 #Expl.:27617/39239 #Buy:8382 #Sell:8437 #Hold:22420 #Stocks:1 PV:101,931 Loss:0.740665 ET:148.5903
[005930][Epoch 031/100] Epsilon:0.6970 #Expl.:27399/39239 #Buy:8278 #Sell:8350 #Hold:22611 #Stocks:1 PV:93,196 Loss:0.741041 ET:161.2029
[005930][Epoch 032/100] Epsilon:0.6869 #Expl.:26884/39239 #Buy:8300 #Sell:8361 #Hold:22578 #Stocks:1 PV:114,161 Loss:0.741666 ET:152.4327
[005930][Epoch 033/100] Epsilon:0.6768 #Expl.:26536/39239 #Buy:8221 #Sell:8276 #Hold:22742 #Stocks:1 PV:120,651 Loss:0.742670 ET:145.6339
[005930][Epoch 034/100] Epsilon:0.6667 #Expl.:26073/39239 #Buy:8002 #Sell:8046 #Hold:23191 #Stocks:2 PV:193,059 Loss:0.745333 ET:148.8230
[005930][Epoch 035/100] Epsilon:0.6566 #Expl.:25805/39239 #Buy:8021 #Sell:8059 #Hold:23159 #Stocks:2 PV:175,115 Loss:0.745078 ET:163.9313
[005930][Epoch 036/100] Epsilon:0.6465 #Expl.:25449/39239 #Buy:7890 #Sell:7918 #Hold:23431 #Stocks:3 PV:259,503 Loss:0.746852 ET:164.3659
[005930][Epoch 037/100] Epsilon:0.6364 #Expl.:24897/39239 #Buy:7785 #Sell:7808 #Hold:23646 #Stocks:4 PV:291,643 Loss:0.748066 ET:166.0546
[005930][Epoch 038/100] Epsilon:0.6263 #Expl.:24713/39239 #Buy:7846 #Sell:7888 #Hold:23505 #Stocks:0 PV:280,711 Loss:0.747099 ET:164.7471
[005930][Epoch 039/100] Epsilon:0.6162 #Expl.:24202/39239 #Buy:7650 #Sell:7671 #Hold:23918 #Stocks:5 PV:376,776 Loss:0.748551 ET:164.9032
[005930][Epoch 040/100] Epsilon:0.6061 #Expl.:23703/39239 #Buy:7503 #Sell:7534 #Hold:24202 #Stocks:7 PV:538,771 Loss:0.749573 ET:168.4641
[005930][Epoch 041/100] Epsilon:0.5960 #Expl.:23301/39239 #Buy:7569 #Sell:7585 #Hold:24085 #Stocks:7 PV:519,501 Loss:0.750584 ET:170.8798
[005930][Epoch 042/100] Epsilon:0.5859 #Expl.:22982/39239 #Buy:7394 #Sell:7409 #Hold:24436 #Stocks:12 PV:875,622 Loss:0.749138 ET:170.5808
[005930][Epoch 043/100] Epsilon:0.5758 #Expl.:22692/39239 #Buy:7427 #Sell:7454 #Hold:24358 #Stocks:0 PV:679,183 Loss:0.752205 ET:167.8554
[005930][Epoch 044/100] Epsilon:0.5657 #Expl.:22157/39239 #Buy:7204 #Sell:7216 #Hold:24819 #Stocks:14 PV:1,088,662 Loss:0.751211 ET:165.3069
[005930][Epoch 045/100] Epsilon:0.5556 #Expl.:21684/39239 #Buy:7150 #Sell:7156 #Hold:24933 #Stocks:21 PV:1,551,272 Loss:0.755787 ET:161.8718
[005930][Epoch 046/100] Epsilon:0.5455 #Expl.:21452/39239 #Buy:7046 #Sell:7055 #Hold:25138 #Stocks:21 PV:1,573,988 Loss:0.749337 ET:162.5991
[005930][Epoch 047/100] Epsilon:0.5354 #Expl.:21020/39239 #Buy:6925 #Sell:6930 #Hold:25384 #Stocks:36 PV:2,622,593 Loss:0.758850 ET:166.0983
[005930][Epoch 048/100] Epsilon:0.5253 #Expl.:20569/39239 #Buy:6795 #Sell:6796 #Hold:25648 #Stocks:38 PV:2,829,723 Loss:0.750201 ET:165.9836
[005930][Epoch 049/100] Epsilon:0.5152 #Expl.:20317/39239 #Buy:6738 #Sell:6728 #Hold:25773 #Stocks:80 PV:5,819,503 Loss:0.765185 ET:164.8839
[005930][Epoch 050/100] Epsilon:0.5051 #Expl.:19668/39239 #Buy:6558 #Sell:6560 #Hold:26121 #Stocks:73 PV:5,305,730 Loss:0.745642 ET:166.1185
[005930][Epoch 051/100] Epsilon:0.4949 #Expl.:19402/39239 #Buy:6444 #Sell:6435 #Hold:26360 #Stocks:43 PV:7,963,541 Loss:0.746679 ET:171.4564
[005930][Epoch 052/100] Epsilon:0.4848 #Expl.:18925/39239 #Buy:6269 #Sell:6253 #Hold:26717 #Stocks:143 PV:10,426,036 Loss:0.748045 ET:170.7754
[005930][Epoch 053/100] Epsilon:0.4747 #Expl.:18675/39239 #Buy:6392 #Sell:6384 #Hold:26463 #Stocks:97 PV:7,077,204 Loss:0.747251 ET:162.4034
[005930][Epoch 054/100] Epsilon:0.4646 #Expl.:18128/39239 #Buy:6169 #Sell:6147 #Hold:26923 #Stocks:163 PV:11,889,363 Loss:0.760493 ET:164.4930
[005930][Epoch 055/100] Epsilon:0.4545 #Expl.:17789/39239 #Buy:5946 #Sell:5926 #Hold:27367 #Stocks:192 PV:13,949,494 Loss:0.748246 ET:162.9603
[005930][Epoch 056/100] Epsilon:0.4444 #Expl.:17479/39239 #Buy:5848 #Sell:5824 #Hold:27567 #Stocks:221 PV:16,088,480 Loss:0.744747 ET:164.4316
[005930][Epoch 057/100] Epsilon:0.4343 #Expl.:17079/39239 #Buy:5769 #Sell:5753 #Hold:27717 #Stocks:217 PV:15,818,719 Loss:0.739545 ET:162.0522
[005930][Epoch 058/100] Epsilon:0.4242 #Expl.:16645/39239 #Buy:5507 #Sell:5487 #Hold:28245 #Stocks:177 PV:17,845,113 Loss:0.733339 ET:163.7037
[005930][Epoch 059/100] Epsilon:0.4141 #Expl.:16374/39239 #Buy:5464 #Sell:5439 #Hold:28336 #Stocks:267 PV:19,430,471 Loss:0.734950 ET:164.8170
[005930][Epoch 060/100] Epsilon:0.4040 #Expl.:15680/39239 #Buy:5293 #Sell:5279 #Hold:28667 #Stocks:229 PV:21,514,155 Loss:0.729814 ET:164.2532
[005930][Epoch 061/100] Epsilon:0.3939 #Expl.:15402/39239 #Buy:5111 #Sell:5088 #Hold:29040 #Stocks:340 PV:24,696,631 Loss:0.730546 ET:169.7223
[005930][Epoch 062/100] Epsilon:0.3838 #Expl.:15075/39239 #Buy:5109 #Sell:5089 #Hold:29041 #Stocks:337 PV:24,532,431 Loss:0.732192 ET:172.7976
[005930][Epoch 063/100] Epsilon:0.3737 #Expl.:14497/39239 #Buy:4792 #Sell:4769 #Hold:29678 #Stocks:371 PV:26,974,769 Loss:0.724953 ET:165.6493
[005930][Epoch 064/100] Epsilon:0.3636 #Expl.:14240/39239 #Buy:4753 #Sell:4732 #Hold:29754 #Stocks:316 PV:27,965,133 Loss:0.728056 ET:165.8685
[005930][Epoch 065/100] Epsilon:0.3535 #Expl.:13967/39239 #Buy:4601 #Sell:4575 #Hold:30063 #Stocks:425 PV:30,904,881 Loss:0.725594 ET:166.9725
[005930][Epoch 066/100] Epsilon:0.3434 #Expl.:13325/39239 #Buy:4434 #Sell:4414 #Hold:30391 #Stocks:464 PV:33,725,761 Loss:0.721677 ET:166.2596
[005930][Epoch 067/100] Epsilon:0.3333 #Expl.:12849/39239 #Buy:4332 #Sell:4310 #Hold:30597 #Stocks:480 PV:34,870,826 Loss:0.732950 ET:165.2922
[005930][Epoch 068/100] Epsilon:0.3232 #Expl.:12664/39239 #Buy:4199 #Sell:4178 #Hold:30862 #Stocks:496 PV:36,026,010 Loss:0.720243 ET:166.0524
[005930][Epoch 069/100] Epsilon:0.3131 #Expl.:12310/39239 #Buy:4196 #Sell:4171 #Hold:30872 #Stocks:485 PV:35,266,829 Loss:0.728182 ET:165.5211
[005930][Epoch 070/100] Epsilon:0.3030 #Expl.:11987/39239 #Buy:4070 #Sell:4045 #Hold:31124 #Stocks:459 PV:38,259,924 Loss:0.730910 ET:166.8398
[005930][Epoch 071/100] Epsilon:0.2929 #Expl.:11503/39239 #Buy:3860 #Sell:3832 #Hold:31547 #Stocks:565 PV:41,032,469 Loss:0.732032 ET:169.8094
[005930][Epoch 072/100] Epsilon:0.2828 #Expl.:11076/39239 #Buy:3771 #Sell:3744 #Hold:31724 #Stocks:598 PV:43,447,017 Loss:0.734177 ET:169.3175
[005930][Epoch 073/100] Epsilon:0.2727 #Expl.:10626/39239 #Buy:3678 #Sell:3652 #Hold:31909 #Stocks:637 PV:46,268,984 Loss:0.736666 ET:165.8257
[005930][Epoch 074/100] Epsilon:0.2626 #Expl.:10182/39239 #Buy:3470 #Sell:3443 #Hold:32326 #Stocks:668 PV:48,520,039 Loss:0.734971 ET:164.1947
[005930][Epoch 075/100] Epsilon:0.2525 #Expl.:9959/39239 #Buy:3332 #Sell:3304 #Hold:32603 #Stocks:681 PV:49,498,373 Loss:0.732159 ET:165.3153
[005930][Epoch 076/100] Epsilon:0.2424 #Expl.:9401/39239 #Buy:3163 #Sell:3134 #Hold:32942 #Stocks:703 PV:51,044,580 Loss:0.724700 ET:165.5587
[005930][Epoch 077/100] Epsilon:0.2323 #Expl.:9243/39239 #Buy:3078 #Sell:3054 #Hold:33107 #Stocks:700 PV:50,846,061 Loss:0.719186 ET:163.9415
[005930][Epoch 078/100] Epsilon:0.2222 #Expl.:8682/39239 #Buy:2895 #Sell:2872 #Hold:33472 #Stocks:747 PV:54,239,284 Loss:0.719466 ET:166.0634
[005930][Epoch 079/100] Epsilon:0.2121 #Expl.:8295/39239 #Buy:2785 #Sell:2761 #Hold:33693 #Stocks:768 PV:55,794,668 Loss:0.713569 ET:165.3394
[005930][Epoch 080/100] Epsilon:0.2020 #Expl.:7919/39239 #Buy:2690 #Sell:2666 #Hold:33883 #Stocks:764 PV:55,496,471 Loss:0.709845 ET:164.3374
[005930][Epoch 081/100] Epsilon:0.1919 #Expl.:7525/39239 #Buy:2534 #Sell:2513 #Hold:34192 #Stocks:791 PV:57,449,252 Loss:0.707472 ET:170.9640
[005930][Epoch 082/100] Epsilon:0.1818 #Expl.:7029/39239 #Buy:2360 #Sell:2340 #Hold:34539 #Stocks:790 PV:57,392,573 Loss:0.733768 ET:171.5101
[005930][Epoch 083/100] Epsilon:0.1717 #Expl.:6811/39239 #Buy:2228 #Sell:2207 #Hold:34804 #Stocks:831 PV:60,342,157 Loss:0.725736 ET:166.4465
[005930][Epoch 084/100] Epsilon:0.1616 #Expl.:6309/39239 #Buy:2151 #Sell:2130 #Hold:34958 #Stocks:749 PV:59,718,877 Loss:0.742487 ET:163.1758
[005930][Epoch 085/100] Epsilon:0.1515 #Expl.:5862/39239 #Buy:1971 #Sell:1949 #Hold:35319 #Stocks:886 PV:64,323,958 Loss:0.721546 ET:164.3430
[005930][Epoch 086/100] Epsilon:0.1414 #Expl.:5595/39239 #Buy:1905 #Sell:1880 #Hold:35454 #Stocks:901 PV:65,437,053 Loss:0.711452 ET:163.7187
[005930][Epoch 087/100] Epsilon:0.1313 #Expl.:5124/39239 #Buy:1778 #Sell:1732 #Hold:35729 #Stocks:856 PV:67,135,269 Loss:0.707100 ET:164.3747
[005930][Epoch 088/100] Epsilon:0.1212 #Expl.:4764/39239 #Buy:1601 #Sell:1570 #Hold:36068 #Stocks:1012 PV:73,476,596 Loss:0.704652 ET:167.5927
[005930][Epoch 089/100] Epsilon:0.1111 #Expl.:4401/39239 #Buy:1480 #Sell:1458 #Hold:36301 #Stocks:1009 PV:73,277,535 Loss:0.706340 ET:164.3936
[005930][Epoch 090/100] Epsilon:0.1010 #Expl.:3927/39239 #Buy:1312 #Sell:1289 #Hold:36638 #Stocks:1008 PV:73,226,870 Loss:0.703526 ET:163.7463
[005930][Epoch 091/100] Epsilon:0.0909 #Expl.:3514/39239 #Buy:1205 #Sell:1181 #Hold:36853 #Stocks:1038 PV:75,427,276 Loss:0.701013 ET:171.2480
[005930][Epoch 092/100] Epsilon:0.0808 #Expl.:3183/39239 #Buy:1095 #Sell:1071 #Hold:37073 #Stocks:1056 PV:76,692,413 Loss:0.699237 ET:172.4696
[005930][Epoch 093/100] Epsilon:0.0707 #Expl.:2828/39239 #Buy:953 #Sell:931 #Hold:37355 #Stocks:1077 PV:78,248,572 Loss:0.698225 ET:166.8592
[005930][Epoch 094/100] Epsilon:0.0606 #Expl.:2388/39239 #Buy:853 #Sell:831 #Hold:37555 #Stocks:1105 PV:80,229,294 Loss:0.698296 ET:166.0871
[005930][Epoch 095/100] Epsilon:0.0505 #Expl.:2031/39239 #Buy:663 #Sell:641 #Hold:37935 #Stocks:1133 PV:82,287,080 Loss:0.695670 ET:167.0888
[005930][Epoch 096/100] Epsilon:0.0404 #Expl.:1600/39239 #Buy:568 #Sell:545 #Hold:38126 #Stocks:1145 PV:83,146,342 Loss:0.698758 ET:165.6169
[005930][Epoch 097/100] Epsilon:0.0303 #Expl.:1226/39239 #Buy:436 #Sell:415 #Hold:38388 #Stocks:1175 PV:85,326,931 Loss:0.694422 ET:166.0411
[005930][Epoch 098/100] Epsilon:0.0202 #Expl.:846/39239 #Buy:293 #Sell:273 #Hold:38673 #Stocks:1199 PV:87,048,174 Loss:0.693978 ET:167.4513
[005930][Epoch 099/100] Epsilon:0.0101 #Expl.:374/39239 #Buy:158 #Sell:136 #Hold:38945 #Stocks:1222 PV:88,780,328 Loss:0.694018 ET:168.3449
[005930][Epoch 100/100] Epsilon:0.0000 #Expl.:0/39239 #Buy:20 #Sell:0 #Hold:39219 #Stocks:1246 PV:90,526,612 Loss:0.693437 ET:167.1828
[005930] Elapsed Time:17104.3121 Max PV:90,526,612 #Win:0
>>>>>>> 02d01c5458bce960eafe5baa7b3a675b16a6d745
