{"mode": "train", "ver": "v3", "name": "005930", "stock_code": ["005930"], "rl_method": "a3c", "net": "lstm", "backend": "pytorch", "start_date": "20210501", "end_date": "20211131", "lr": 0.0001, "discount_factor": 0.7, "balance": 100000000}
[005930] RL:a3c NET:lstm LR:0.0001 DF:0.7 
[005930][Epoch 001/100] Epsilon:1.0000 #Expl.:54860/54860 #Buy:8960 #Sell:8301 #Hold:37599 #Stocks:0 PV:68,907 Loss:0.727987 ET:260.9572
[005930][Epoch 002/100] Epsilon:0.9899 #Expl.:54324/54860 #Buy:9040 #Sell:8480 #Hold:37340 #Stocks:0 PV:68,682 Loss:0.719931 ET:245.6577
[005930][Epoch 003/100] Epsilon:0.9798 #Expl.:53755/54860 #Buy:9123 #Sell:8586 #Hold:37151 #Stocks:0 PV:68,377 Loss:0.718978 ET:246.0335
[005930][Epoch 004/100] Epsilon:0.9697 #Expl.:53225/54860 #Buy:9132 #Sell:8617 #Hold:37111 #Stocks:0 PV:68,355 Loss:0.718515 ET:245.7600
[005930][Epoch 005/100] Epsilon:0.9596 #Expl.:52676/54860 #Buy:9137 #Sell:8655 #Hold:37068 #Stocks:0 PV:68,156 Loss:0.717533 ET:243.8874
[005930][Epoch 006/100] Epsilon:0.9495 #Expl.:52077/54860 #Buy:9206 #Sell:8771 #Hold:36883 #Stocks:0 PV:68,817 Loss:0.719028 ET:237.9378
[005930][Epoch 007/100] Epsilon:0.9394 #Expl.:51431/54860 #Buy:9106 #Sell:8731 #Hold:37023 #Stocks:0 PV:69,072 Loss:0.718617 ET:243.2419
[005930][Epoch 008/100] Epsilon:0.9293 #Expl.:50936/54860 #Buy:9302 #Sell:8963 #Hold:36595 #Stocks:0 PV:68,309 Loss:0.720369 ET:242.0745
[005930][Epoch 009/100] Epsilon:0.9192 #Expl.:50279/54860 #Buy:9151 #Sell:8863 #Hold:36846 #Stocks:0 PV:68,126 Loss:0.719035 ET:273.5429
[005930][Epoch 010/100] Epsilon:0.9091 #Expl.:49932/54860 #Buy:9112 #Sell:8805 #Hold:36943 #Stocks:0 PV:68,278 Loss:0.719252 ET:246.2803
[005930][Epoch 011/100] Epsilon:0.8990 #Expl.:49283/54860 #Buy:9258 #Sell:8992 #Hold:36610 #Stocks:0 PV:68,256 Loss:0.720263 ET:353.0610
[005930][Epoch 012/100] Epsilon:0.8889 #Expl.:48925/54860 #Buy:9183 #Sell:8893 #Hold:36784 #Stocks:0 PV:68,628 Loss:0.722741 ET:261.0642
[005930][Epoch 013/100] Epsilon:0.8788 #Expl.:48152/54860 #Buy:9232 #Sell:9024 #Hold:36604 #Stocks:0 PV:68,405 Loss:0.722079 ET:252.9963
[005930][Epoch 014/100] Epsilon:0.8687 #Expl.:47711/54860 #Buy:9048 #Sell:8842 #Hold:36970 #Stocks:0 PV:68,683 Loss:0.720003 ET:254.3827
[005930][Epoch 015/100] Epsilon:0.8586 #Expl.:46956/54860 #Buy:9119 #Sell:8936 #Hold:36805 #Stocks:0 PV:68,403 Loss:0.720782 ET:261.9170
[005930][Epoch 016/100] Epsilon:0.8485 #Expl.:46501/54860 #Buy:9208 #Sell:9018 #Hold:36634 #Stocks:0 PV:68,260 Loss:0.721574 ET:253.6259
[005930][Epoch 017/100] Epsilon:0.8384 #Expl.:46056/54860 #Buy:9278 #Sell:9116 #Hold:36466 #Stocks:0 PV:68,337 Loss:0.721447 ET:259.8543
[005930][Epoch 018/100] Epsilon:0.8283 #Expl.:45370/54860 #Buy:9011 #Sell:8863 #Hold:36986 #Stocks:0 PV:68,178 Loss:0.721958 ET:268.1529
[005930][Epoch 019/100] Epsilon:0.8182 #Expl.:44855/54860 #Buy:9054 #Sell:8925 #Hold:36881 #Stocks:0 PV:68,230 Loss:0.722914 ET:292.0242
[005930][Epoch 020/100] Epsilon:0.8081 #Expl.:44206/54860 #Buy:9026 #Sell:8888 #Hold:36946 #Stocks:0 PV:68,384 Loss:0.722701 ET:288.4552
[005930][Epoch 021/100] Epsilon:0.7980 #Expl.:43767/54860 #Buy:8963 #Sell:8853 #Hold:37044 #Stocks:0 PV:68,754 Loss:0.721781 ET:276.4910
[005930][Epoch 022/100] Epsilon:0.7879 #Expl.:43048/54860 #Buy:8892 #Sell:8780 #Hold:37188 #Stocks:0 PV:68,683 Loss:0.721743 ET:293.0521
[005930][Epoch 023/100] Epsilon:0.7778 #Expl.:42667/54860 #Buy:8992 #Sell:8892 #Hold:36976 #Stocks:0 PV:68,863 Loss:0.722637 ET:269.8980
[005930][Epoch 024/100] Epsilon:0.7677 #Expl.:42108/54860 #Buy:9041 #Sell:8948 #Hold:36871 #Stocks:0 PV:68,248 Loss:0.722171 ET:263.3972
[005930][Epoch 025/100] Epsilon:0.7576 #Expl.:41580/54860 #Buy:8882 #Sell:8805 #Hold:37173 #Stocks:0 PV:68,281 Loss:0.724014 ET:271.4220
[005930][Epoch 026/100] Epsilon:0.7475 #Expl.:41130/54860 #Buy:9133 #Sell:9052 #Hold:36675 #Stocks:0 PV:68,708 Loss:0.723630 ET:262.2793
[005930][Epoch 027/100] Epsilon:0.7374 #Expl.:40666/54860 #Buy:8965 #Sell:8899 #Hold:36996 #Stocks:0 PV:68,648 Loss:0.723305 ET:275.4726
[005930][Epoch 028/100] Epsilon:0.7273 #Expl.:39979/54860 #Buy:8859 #Sell:8789 #Hold:37212 #Stocks:0 PV:68,624 Loss:0.723125 ET:264.2043
[005930][Epoch 029/100] Epsilon:0.7172 #Expl.:39181/54860 #Buy:8878 #Sell:8817 #Hold:37165 #Stocks:0 PV:68,459 Loss:0.723983 ET:269.7973
[005930][Epoch 030/100] Epsilon:0.7071 #Expl.:38900/54860 #Buy:9091 #Sell:9024 #Hold:36745 #Stocks:0 PV:69,245 Loss:0.724908 ET:270.5091
[005930][Epoch 031/100] Epsilon:0.6970 #Expl.:38465/54860 #Buy:8930 #Sell:8880 #Hold:37050 #Stocks:0 PV:68,842 Loss:0.724966 ET:271.1096
[005930][Epoch 032/100] Epsilon:0.6869 #Expl.:37542/54860 #Buy:8980 #Sell:8929 #Hold:36951 #Stocks:0 PV:69,485 Loss:0.725710 ET:276.1034
[005930][Epoch 033/100] Epsilon:0.6768 #Expl.:37154/54860 #Buy:8863 #Sell:8799 #Hold:37198 #Stocks:0 PV:69,167 Loss:0.724764 ET:256.8891
[005930][Epoch 034/100] Epsilon:0.6667 #Expl.:36508/54860 #Buy:8879 #Sell:8837 #Hold:37144 #Stocks:0 PV:69,487 Loss:0.726186 ET:269.2283
[005930][Epoch 035/100] Epsilon:0.6566 #Expl.:35878/54860 #Buy:8860 #Sell:8807 #Hold:37193 #Stocks:0 PV:69,346 Loss:0.725099 ET:286.2268
[005930][Epoch 036/100] Epsilon:0.6465 #Expl.:35295/54860 #Buy:8904 #Sell:8868 #Hold:37088 #Stocks:0 PV:69,395 Loss:0.728743 ET:282.8749
[005930][Epoch 037/100] Epsilon:0.6364 #Expl.:34818/54860 #Buy:8850 #Sell:8810 #Hold:37200 #Stocks:0 PV:69,429 Loss:0.728538 ET:269.8889
[005930][Epoch 038/100] Epsilon:0.6263 #Expl.:34158/54860 #Buy:9017 #Sell:8984 #Hold:36859 #Stocks:0 PV:69,627 Loss:0.728088 ET:262.9336
[005930][Epoch 039/100] Epsilon:0.6162 #Expl.:33858/54860 #Buy:9003 #Sell:8973 #Hold:36884 #Stocks:0 PV:69,553 Loss:0.728368 ET:264.3619
[005930][Epoch 040/100] Epsilon:0.6061 #Expl.:33241/54860 #Buy:8824 #Sell:8796 #Hold:37240 #Stocks:0 PV:69,565 Loss:0.727638 ET:267.7199
[005930][Epoch 041/100] Epsilon:0.5960 #Expl.:32714/54860 #Buy:8998 #Sell:8968 #Hold:36894 #Stocks:0 PV:69,586 Loss:0.728107 ET:374.3912
[005930][Epoch 042/100] Epsilon:0.5859 #Expl.:32212/54860 #Buy:8933 #Sell:8907 #Hold:37020 #Stocks:0 PV:69,557 Loss:0.729777 ET:301.5028
[005930][Epoch 043/100] Epsilon:0.5758 #Expl.:31688/54860 #Buy:8784 #Sell:8750 #Hold:37326 #Stocks:0 PV:69,519 Loss:0.727613 ET:265.1575
[005930][Epoch 044/100] Epsilon:0.5657 #Expl.:31062/54860 #Buy:8872 #Sell:8855 #Hold:37133 #Stocks:0 PV:69,981 Loss:0.732029 ET:290.4271
[005930][Epoch 045/100] Epsilon:0.5556 #Expl.:30464/54860 #Buy:8843 #Sell:8818 #Hold:37199 #Stocks:0 PV:70,032 Loss:0.729889 ET:273.5216
[005930][Epoch 046/100] Epsilon:0.5455 #Expl.:29900/54860 #Buy:8852 #Sell:8819 #Hold:37189 #Stocks:0 PV:70,026 Loss:0.737157 ET:269.5839
[005930][Epoch 047/100] Epsilon:0.5354 #Expl.:29412/54860 #Buy:9178 #Sell:9080 #Hold:36602 #Stocks:1 PV:77,418 Loss:0.747991 ET:274.4398
[005930][Epoch 048/100] Epsilon:0.5253 #Expl.:28765/54860 #Buy:9008 #Sell:8992 #Hold:36860 #Stocks:0 PV:136,937 Loss:0.758548 ET:265.1353
[005930][Epoch 049/100] Epsilon:0.5152 #Expl.:28520/54860 #Buy:9094 #Sell:8880 #Hold:36886 #Stocks:1 PV:140,760 Loss:0.753324 ET:262.0288
[005930][Epoch 050/100] Epsilon:0.5051 #Expl.:27557/54860 #Buy:8986 #Sell:8973 #Hold:36901 #Stocks:0 PV:185,735 Loss:0.772124 ET:263.9108
[005930][Epoch 051/100] Epsilon:0.4949 #Expl.:27349/54860 #Buy:8811 #Sell:8798 #Hold:37251 #Stocks:0 PV:364,196 Loss:0.772291 ET:281.5619
[005930][Epoch 052/100] Epsilon:0.4848 #Expl.:26674/54860 #Buy:8722 #Sell:8707 #Hold:37431 #Stocks:0 PV:391,396 Loss:0.771388 ET:277.8935
[005930][Epoch 053/100] Epsilon:0.4747 #Expl.:26193/54860 #Buy:8597 #Sell:8582 #Hold:37681 #Stocks:0 PV:543,447 Loss:0.769525 ET:283.6409
[005930][Epoch 054/100] Epsilon:0.4646 #Expl.:25423/54860 #Buy:8238 #Sell:8229 #Hold:38393 #Stocks:17 PV:1,289,573 Loss:0.770049 ET:277.5826
[005930][Epoch 055/100] Epsilon:0.4545 #Expl.:25011/54860 #Buy:8093 #Sell:8078 #Hold:38689 #Stocks:24 PV:1,776,983 Loss:0.764661 ET:262.9154
[005930][Epoch 056/100] Epsilon:0.4444 #Expl.:24367/54860 #Buy:7974 #Sell:7966 #Hold:38920 #Stocks:26 PV:1,944,805 Loss:0.760333 ET:265.3569
[005930][Epoch 057/100] Epsilon:0.4343 #Expl.:23914/54860 #Buy:7758 #Sell:7750 #Hold:39352 #Stocks:0 PV:1,937,172 Loss:0.758021 ET:259.8566
[005930][Epoch 058/100] Epsilon:0.4242 #Expl.:23559/54860 #Buy:7783 #Sell:7769 #Hold:39308 #Stocks:28 PV:2,051,135 Loss:0.756112 ET:261.7717
[005930][Epoch 059/100] Epsilon:0.4141 #Expl.:22683/54860 #Buy:7578 #Sell:7563 #Hold:39719 #Stocks:0 PV:3,889,382 Loss:0.753739 ET:268.3353
[005930][Epoch 060/100] Epsilon:0.4040 #Expl.:22196/54860 #Buy:7438 #Sell:7430 #Hold:39992 #Stocks:0 PV:4,581,601 Loss:0.752140 ET:265.5701
[005930][Epoch 061/100] Epsilon:0.3939 #Expl.:21525/54860 #Buy:7257 #Sell:7256 #Hold:40347 #Stocks:0 PV:6,029,482 Loss:0.747697 ET:282.1730
[005930][Epoch 062/100] Epsilon:0.3838 #Expl.:21165/54860 #Buy:7126 #Sell:7121 #Hold:40613 #Stocks:35 PV:7,829,573 Loss:0.746950 ET:402.7816
[005930][Epoch 063/100] Epsilon:0.3737 #Expl.:20409/54860 #Buy:6743 #Sell:6740 #Hold:41377 #Stocks:60 PV:10,346,913 Loss:0.741797 ET:313.6154
[005930][Epoch 064/100] Epsilon:0.3636 #Expl.:19960/54860 #Buy:6600 #Sell:6600 #Hold:41660 #Stocks:0 PV:12,419,528 Loss:0.738492 ET:251.0975
[005930][Epoch 065/100] Epsilon:0.3535 #Expl.:19442/54860 #Buy:6465 #Sell:6465 #Hold:41930 #Stocks:0 PV:14,650,742 Loss:0.735861 ET:273.3202
[005930][Epoch 066/100] Epsilon:0.3434 #Expl.:18939/54860 #Buy:6361 #Sell:6360 #Hold:42139 #Stocks:0 PV:15,237,257 Loss:0.732758 ET:268.5723
[005930][Epoch 067/100] Epsilon:0.3333 #Expl.:18225/54860 #Buy:6001 #Sell:6001 #Hold:42858 #Stocks:0 PV:18,858,536 Loss:0.729951 ET:263.9576
[005930][Epoch 068/100] Epsilon:0.3232 #Expl.:17805/54860 #Buy:5976 #Sell:5976 #Hold:42908 #Stocks:0 PV:20,872,901 Loss:0.727481 ET:263.4836
[005930][Epoch 069/100] Epsilon:0.3131 #Expl.:17304/54860 #Buy:5703 #Sell:5703 #Hold:43454 #Stocks:0 PV:23,690,586 Loss:0.725322 ET:268.3431
[005930][Epoch 070/100] Epsilon:0.3030 #Expl.:16653/54860 #Buy:5541 #Sell:5541 #Hold:43778 #Stocks:0 PV:25,922,135 Loss:0.723061 ET:268.2255
[005930][Epoch 071/100] Epsilon:0.2929 #Expl.:15938/54860 #Buy:5268 #Sell:5268 #Hold:44324 #Stocks:0 PV:30,467,087 Loss:0.720045 ET:265.8859
[005930][Epoch 072/100] Epsilon:0.2828 #Expl.:15661/54860 #Buy:5161 #Sell:5161 #Hold:44538 #Stocks:0 PV:31,414,532 Loss:0.718947 ET:283.9078
[005930][Epoch 073/100] Epsilon:0.2727 #Expl.:15001/54860 #Buy:5051 #Sell:5051 #Hold:44758 #Stocks:0 PV:32,233,912 Loss:0.717134 ET:270.4378
[005930][Epoch 074/100] Epsilon:0.2626 #Expl.:14338/54860 #Buy:4757 #Sell:4757 #Hold:45346 #Stocks:0 PV:37,373,413 Loss:0.714598 ET:262.9451
[005930][Epoch 075/100] Epsilon:0.2525 #Expl.:13938/54860 #Buy:4706 #Sell:4707 #Hold:45447 #Stocks:0 PV:37,312,569 Loss:0.718635 ET:275.8622
[005930][Epoch 076/100] Epsilon:0.2424 #Expl.:13376/54860 #Buy:4430 #Sell:4429 #Hold:46001 #Stocks:0 PV:39,036,122 Loss:0.719668 ET:289.1205
[005930][Epoch 077/100] Epsilon:0.2323 #Expl.:12832/54860 #Buy:4278 #Sell:4290 #Hold:46292 #Stocks:0 PV:38,355,901 Loss:0.724188 ET:275.8953
[005930][Epoch 078/100] Epsilon:0.2222 #Expl.:12168/54860 #Buy:4243 #Sell:4242 #Hold:46375 #Stocks:0 PV:42,414,656 Loss:0.719766 ET:270.9515
[005930][Epoch 079/100] Epsilon:0.2121 #Expl.:11585/54860 #Buy:3908 #Sell:3910 #Hold:47042 #Stocks:0 PV:49,517,374 Loss:0.716552 ET:269.6251
[005930][Epoch 080/100] Epsilon:0.2020 #Expl.:11168/54860 #Buy:3682 #Sell:3682 #Hold:47496 #Stocks:0 PV:52,255,146 Loss:0.711237 ET:274.1011
[005930][Epoch 081/100] Epsilon:0.1919 #Expl.:10665/54860 #Buy:3580 #Sell:3580 #Hold:47700 #Stocks:0 PV:53,130,326 Loss:0.706574 ET:278.9902
[005930][Epoch 082/100] Epsilon:0.1818 #Expl.:10077/54860 #Buy:3301 #Sell:3301 #Hold:48258 #Stocks:0 PV:56,977,111 Loss:0.702922 ET:290.1816
[005930][Epoch 083/100] Epsilon:0.1717 #Expl.:9490/54860 #Buy:3206 #Sell:3205 #Hold:48449 #Stocks:66 PV:57,079,183 Loss:0.702622 ET:274.1563
[005930][Epoch 084/100] Epsilon:0.1616 #Expl.:8853/54860 #Buy:2909 #Sell:2909 #Hold:49042 #Stocks:0 PV:60,964,451 Loss:0.700453 ET:265.3319
[005930][Epoch 085/100] Epsilon:0.1515 #Expl.:8266/54860 #Buy:2654 #Sell:2654 #Hold:49552 #Stocks:0 PV:64,363,713 Loss:0.698728 ET:370.9766
[005930][Epoch 086/100] Epsilon:0.1414 #Expl.:7723/54860 #Buy:2624 #Sell:2620 #Hold:49616 #Stocks:0 PV:63,586,693 Loss:0.702058 ET:296.1872
[005930][Epoch 087/100] Epsilon:0.1313 #Expl.:7245/54860 #Buy:2420 #Sell:2435 #Hold:50005 #Stocks:0 PV:66,706,714 Loss:0.705735 ET:258.9223
[005930][Epoch 088/100] Epsilon:0.1212 #Expl.:6614/54860 #Buy:2200 #Sell:2210 #Hold:50450 #Stocks:0 PV:69,425,293 Loss:0.701339 ET:246.9377
[005930][Epoch 089/100] Epsilon:0.1111 #Expl.:5989/54860 #Buy:1969 #Sell:1973 #Hold:50918 #Stocks:0 PV:69,520,454 Loss:0.700202 ET:265.6555
[005930][Epoch 090/100] Epsilon:0.1010 #Expl.:5529/54860 #Buy:1827 #Sell:1833 #Hold:51200 #Stocks:0 PV:72,059,698 Loss:0.698048 ET:252.6838
[005930][Epoch 091/100] Epsilon:0.0909 #Expl.:5057/54860 #Buy:1668 #Sell:1670 #Hold:51522 #Stocks:0 PV:73,696,322 Loss:0.697215 ET:374.7719
[005930][Epoch 092/100] Epsilon:0.0808 #Expl.:4471/54860 #Buy:1440 #Sell:1437 #Hold:51983 #Stocks:0 PV:78,263,880 Loss:0.695304 ET:322.4539
[005930][Epoch 093/100] Epsilon:0.0707 #Expl.:3860/54860 #Buy:1254 #Sell:1246 #Hold:52360 #Stocks:0 PV:81,422,849 Loss:0.694552 ET:306.6567
[005930][Epoch 094/100] Epsilon:0.0606 #Expl.:3334/54860 #Buy:1089 #Sell:1085 #Hold:52686 #Stocks:0 PV:85,564,662 Loss:0.695543 ET:301.0027
[005930][Epoch 095/100] Epsilon:0.0505 #Expl.:2798/54860 #Buy:944 #Sell:930 #Hold:52986 #Stocks:0 PV:85,227,220 Loss:0.695638 ET:274.6502
[005930][Epoch 096/100] Epsilon:0.0404 #Expl.:2248/54860 #Buy:754 #Sell:724 #Hold:53382 #Stocks:0 PV:90,772,615 Loss:0.697132 ET:265.3760
[005930][Epoch 097/100] Epsilon:0.0303 #Expl.:1619/54860 #Buy:534 #Sell:520 #Hold:53806 #Stocks:0 PV:91,678,806 Loss:0.698241 ET:265.0671
[005930][Epoch 098/100] Epsilon:0.0202 #Expl.:1107/54860 #Buy:348 #Sell:348 #Hold:54164 #Stocks:0 PV:95,368,267 Loss:0.695946 ET:265.1103
[005930][Epoch 099/100] Epsilon:0.0101 #Expl.:550/54860 #Buy:180 #Sell:180 #Hold:54500 #Stocks:0 PV:97,553,722 Loss:0.695369 ET:266.9601
[005930][Epoch 100/100] Epsilon:0.0000 #Expl.:0/54860 #Buy:0 #Sell:0 #Hold:54860 #Stocks:0 PV:100,000,000 Loss:0.692929 ET:272.3078
[005930] Elapsed Time:29846.4744 Max PV:100,000,000 #Win:0
