{"mode": "train", "ver": "v3", "name": "005930", "stock_code": ["005930"], "rl_method": "a3c", "net": "lstm", "backend": "pytorch", "start_date": "20210601", "end_date": "20211131", "lr": 0.0001, "discount_factor": 0.7, "balance": 100000000}
[005930] RL:a3c NET:lstm LR:0.0001 DF:0.7 
[005930][Epoch 001/100] Epsilon:1.0000 #Expl.:47621/47621 #Buy:8416 #Sell:9274 #Hold:29931 #Stocks:0 PV:68,847 Loss:0.738827 ET:214.7367
[005930][Epoch 002/100] Epsilon:0.9899 #Expl.:47172/47621 #Buy:8380 #Sell:9179 #Hold:30062 #Stocks:0 PV:68,814 Loss:0.732280 ET:194.1134
[005930][Epoch 003/100] Epsilon:0.9798 #Expl.:46662/47621 #Buy:8441 #Sell:9256 #Hold:29924 #Stocks:0 PV:69,224 Loss:0.730941 ET:200.1515
[005930][Epoch 004/100] Epsilon:0.9697 #Expl.:46130/47621 #Buy:8268 #Sell:9104 #Hold:30249 #Stocks:0 PV:69,068 Loss:0.731621 ET:199.2061
[005930][Epoch 005/100] Epsilon:0.9596 #Expl.:45646/47621 #Buy:8465 #Sell:9240 #Hold:29916 #Stocks:0 PV:69,326 Loss:0.732432 ET:198.9220
[005930][Epoch 006/100] Epsilon:0.9495 #Expl.:45193/47621 #Buy:8456 #Sell:9278 #Hold:29887 #Stocks:0 PV:69,329 Loss:0.733537 ET:197.9775
[005930][Epoch 007/100] Epsilon:0.9394 #Expl.:44651/47621 #Buy:8654 #Sell:9543 #Hold:29424 #Stocks:0 PV:69,359 Loss:0.734061 ET:200.3153
[005930][Epoch 008/100] Epsilon:0.9293 #Expl.:44145/47621 #Buy:8235 #Sell:8996 #Hold:30390 #Stocks:0 PV:69,443 Loss:0.731670 ET:198.6040
[005930][Epoch 009/100] Epsilon:0.9192 #Expl.:43858/47621 #Buy:8301 #Sell:9084 #Hold:30236 #Stocks:0 PV:69,482 Loss:0.737288 ET:199.1812
[005930][Epoch 010/100] Epsilon:0.9091 #Expl.:43249/47621 #Buy:8394 #Sell:9197 #Hold:30030 #Stocks:0 PV:69,518 Loss:0.733638 ET:200.7819
[005930][Epoch 011/100] Epsilon:0.8990 #Expl.:42842/47621 #Buy:8380 #Sell:9205 #Hold:30036 #Stocks:0 PV:69,548 Loss:0.735172 ET:223.1242
[005930][Epoch 012/100] Epsilon:0.8889 #Expl.:42409/47621 #Buy:8196 #Sell:8981 #Hold:30444 #Stocks:0 PV:69,620 Loss:0.732321 ET:218.2897
[005930][Epoch 013/100] Epsilon:0.8788 #Expl.:41883/47621 #Buy:8439 #Sell:9264 #Hold:29918 #Stocks:0 PV:69,709 Loss:0.741054 ET:204.9240
[005930][Epoch 014/100] Epsilon:0.8687 #Expl.:41303/47621 #Buy:8315 #Sell:9109 #Hold:30197 #Stocks:0 PV:69,561 Loss:0.735043 ET:207.0859
[005930][Epoch 015/100] Epsilon:0.8586 #Expl.:41001/47621 #Buy:8269 #Sell:9070 #Hold:30282 #Stocks:0 PV:69,599 Loss:0.735708 ET:209.0666
[005930][Epoch 016/100] Epsilon:0.8485 #Expl.:40405/47621 #Buy:8323 #Sell:9156 #Hold:30142 #Stocks:0 PV:69,593 Loss:0.735798 ET:206.8600
[005930][Epoch 017/100] Epsilon:0.8384 #Expl.:39894/47621 #Buy:8274 #Sell:9032 #Hold:30315 #Stocks:0 PV:69,602 Loss:0.734870 ET:208.2260
[005930][Epoch 018/100] Epsilon:0.8283 #Expl.:39542/47621 #Buy:8266 #Sell:9020 #Hold:30335 #Stocks:0 PV:69,565 Loss:0.735672 ET:210.0318
[005930][Epoch 019/100] Epsilon:0.8182 #Expl.:38926/47621 #Buy:8473 #Sell:9253 #Hold:29895 #Stocks:0 PV:69,518 Loss:0.737779 ET:209.8293
[005930][Epoch 020/100] Epsilon:0.8081 #Expl.:38615/47621 #Buy:8394 #Sell:9192 #Hold:30035 #Stocks:0 PV:69,552 Loss:0.739113 ET:208.5758
[005930][Epoch 021/100] Epsilon:0.7980 #Expl.:37919/47621 #Buy:8388 #Sell:9219 #Hold:30014 #Stocks:0 PV:69,558 Loss:0.738222 ET:219.0178
[005930][Epoch 022/100] Epsilon:0.7879 #Expl.:37394/47621 #Buy:8561 #Sell:9414 #Hold:29646 #Stocks:0 PV:70,062 Loss:0.739964 ET:229.7770
[005930][Epoch 023/100] Epsilon:0.7778 #Expl.:37109/47621 #Buy:8368 #Sell:9216 #Hold:30037 #Stocks:0 PV:70,069 Loss:0.737924 ET:212.1208
[005930][Epoch 024/100] Epsilon:0.7677 #Expl.:36564/47621 #Buy:8454 #Sell:9291 #Hold:29876 #Stocks:0 PV:70,002 Loss:0.741160 ET:210.0678
[005930][Epoch 025/100] Epsilon:0.7576 #Expl.:36232/47621 #Buy:8554 #Sell:9382 #Hold:29685 #Stocks:0 PV:70,461 Loss:0.741702 ET:209.2934
[005930][Epoch 026/100] Epsilon:0.7475 #Expl.:35486/47621 #Buy:8501 #Sell:9371 #Hold:29749 #Stocks:0 PV:70,448 Loss:0.743306 ET:209.0512
[005930][Epoch 027/100] Epsilon:0.7374 #Expl.:35069/47621 #Buy:8598 #Sell:9485 #Hold:29538 #Stocks:0 PV:71,027 Loss:0.744009 ET:209.2976
[005930][Epoch 028/100] Epsilon:0.7273 #Expl.:34504/47621 #Buy:8395 #Sell:9199 #Hold:30027 #Stocks:0 PV:70,485 Loss:0.744769 ET:207.5830
[005930][Epoch 029/100] Epsilon:0.7172 #Expl.:34060/47621 #Buy:8263 #Sell:9074 #Hold:30284 #Stocks:0 PV:70,552 Loss:0.744382 ET:208.9759
[005930][Epoch 030/100] Epsilon:0.7071 #Expl.:33542/47621 #Buy:8294 #Sell:9153 #Hold:30174 #Stocks:0 PV:71,844 Loss:0.744184 ET:209.2192
[005930][Epoch 031/100] Epsilon:0.6970 #Expl.:33318/47621 #Buy:8282 #Sell:9056 #Hold:30283 #Stocks:1 PV:118,152 Loss:0.747648 ET:222.0153
[005930][Epoch 032/100] Epsilon:0.6869 #Expl.:32614/47621 #Buy:8129 #Sell:8996 #Hold:30496 #Stocks:0 PV:106,779 Loss:0.748382 ET:220.1528
[005930][Epoch 033/100] Epsilon:0.6768 #Expl.:32349/47621 #Buy:8040 #Sell:8817 #Hold:30764 #Stocks:1 PV:124,256 Loss:0.745570 ET:207.5561
[005930][Epoch 034/100] Epsilon:0.6667 #Expl.:31664/47621 #Buy:8005 #Sell:8807 #Hold:30809 #Stocks:2 PV:182,592 Loss:0.752039 ET:206.1191
[005930][Epoch 035/100] Epsilon:0.6566 #Expl.:31162/47621 #Buy:8343 #Sell:8696 #Hold:30582 #Stocks:0 PV:154,860 Loss:0.753245 ET:208.2344
[005930][Epoch 036/100] Epsilon:0.6465 #Expl.:31036/47621 #Buy:7931 #Sell:8638 #Hold:31052 #Stocks:2 PV:184,940 Loss:0.752635 ET:209.9075
[005930][Epoch 037/100] Epsilon:0.6364 #Expl.:30251/47621 #Buy:8263 #Sell:8497 #Hold:30861 #Stocks:0 PV:151,458 Loss:0.750018 ET:210.0734
[005930][Epoch 038/100] Epsilon:0.6263 #Expl.:30032/47621 #Buy:7685 #Sell:8456 #Hold:31480 #Stocks:0 PV:326,513 Loss:0.752771 ET:208.9755
[005930][Epoch 039/100] Epsilon:0.6162 #Expl.:29160/47621 #Buy:7581 #Sell:8285 #Hold:31755 #Stocks:5 PV:380,681 Loss:0.755964 ET:254.8067
[005930][Epoch 040/100] Epsilon:0.6061 #Expl.:28986/47621 #Buy:8005 #Sell:8363 #Hold:31253 #Stocks:0 PV:284,272 Loss:0.752853 ET:205.4143
[005930][Epoch 041/100] Epsilon:0.5960 #Expl.:28568/47621 #Buy:7396 #Sell:8166 #Hold:32059 #Stocks:4 PV:318,616 Loss:0.750247 ET:228.5083
[005930][Epoch 042/100] Epsilon:0.5859 #Expl.:27826/47621 #Buy:7282 #Sell:8032 #Hold:32307 #Stocks:0 PV:911,793 Loss:0.754991 ET:218.5939
[005930][Epoch 043/100] Epsilon:0.5758 #Expl.:27526/47621 #Buy:7653 #Sell:8114 #Hold:31854 #Stocks:8 PV:608,071 Loss:0.754784 ET:205.2661
[005930][Epoch 044/100] Epsilon:0.5657 #Expl.:26845/47621 #Buy:7174 #Sell:7914 #Hold:32533 #Stocks:0 PV:703,990 Loss:0.751928 ET:201.4220
[005930][Epoch 045/100] Epsilon:0.5556 #Expl.:26592/47621 #Buy:7099 #Sell:7976 #Hold:32546 #Stocks:0 PV:1,353,001 Loss:0.758499 ET:205.4563
[005930][Epoch 046/100] Epsilon:0.5455 #Expl.:25866/47621 #Buy:7215 #Sell:7731 #Hold:32675 #Stocks:0 PV:1,303,799 Loss:0.756683 ET:208.2867
[005930][Epoch 047/100] Epsilon:0.5354 #Expl.:25483/47621 #Buy:7732 #Sell:8270 #Hold:31619 #Stocks:3 PV:245,363 Loss:0.757541 ET:206.8792
[005930][Epoch 048/100] Epsilon:0.5253 #Expl.:24965/47621 #Buy:7240 #Sell:7558 #Hold:32823 #Stocks:0 PV:1,572,805 Loss:0.756426 ET:203.2944
[005930][Epoch 049/100] Epsilon:0.5152 #Expl.:24542/47621 #Buy:6945 #Sell:7600 #Hold:33076 #Stocks:36 PV:2,633,669 Loss:0.765674 ET:280.5095
[005930][Epoch 050/100] Epsilon:0.5051 #Expl.:24069/47621 #Buy:6672 #Sell:7462 #Hold:33487 #Stocks:58 PV:4,241,952 Loss:0.762059 ET:210.3114
[005930][Epoch 051/100] Epsilon:0.4949 #Expl.:23496/47621 #Buy:6470 #Sell:7244 #Hold:33907 #Stocks:65 PV:4,790,782 Loss:0.761549 ET:215.8198
[005930][Epoch 052/100] Epsilon:0.4848 #Expl.:22892/47621 #Buy:6393 #Sell:7152 #Hold:34076 #Stocks:78 PV:5,681,749 Loss:0.758391 ET:213.9397
[005930][Epoch 053/100] Epsilon:0.4747 #Expl.:22504/47621 #Buy:6270 #Sell:7050 #Hold:34301 #Stocks:34 PV:7,299,591 Loss:0.755921 ET:208.9653
[005930][Epoch 054/100] Epsilon:0.4646 #Expl.:22357/47621 #Buy:6264 #Sell:7026 #Hold:34331 #Stocks:83 PV:6,052,132 Loss:0.756169 ET:204.4060
[005930][Epoch 055/100] Epsilon:0.4545 #Expl.:21583/47621 #Buy:6223 #Sell:6897 #Hold:34501 #Stocks:87 PV:6,371,078 Loss:0.753412 ET:210.2319
[005930][Epoch 056/100] Epsilon:0.4444 #Expl.:21028/47621 #Buy:5944 #Sell:6637 #Hold:35040 #Stocks:0 PV:12,050,508 Loss:0.748025 ET:206.3929
[005930][Epoch 057/100] Epsilon:0.4343 #Expl.:20618/47621 #Buy:5850 #Sell:6511 #Hold:35260 #Stocks:77 PV:12,230,975 Loss:0.749323 ET:207.6331
[005930][Epoch 058/100] Epsilon:0.4242 #Expl.:20205/47621 #Buy:5816 #Sell:6552 #Hold:35253 #Stocks:150 PV:12,090,726 Loss:0.743720 ET:209.2885
[005930][Epoch 059/100] Epsilon:0.4141 #Expl.:19737/47621 #Buy:5563 #Sell:6342 #Hold:35716 #Stocks:174 PV:17,972,774 Loss:0.733042 ET:212.2321
[005930][Epoch 060/100] Epsilon:0.4040 #Expl.:19184/47621 #Buy:5534 #Sell:6305 #Hold:35782 #Stocks:119 PV:21,245,988 Loss:0.730107 ET:207.8800
[005930][Epoch 061/100] Epsilon:0.3939 #Expl.:18639/47621 #Buy:5564 #Sell:6015 #Hold:36042 #Stocks:191 PV:19,943,108 Loss:0.747359 ET:213.3619
[005930][Epoch 062/100] Epsilon:0.3838 #Expl.:18326/47621 #Buy:5258 #Sell:5920 #Hold:36443 #Stocks:30 PV:21,420,851 Loss:0.742198 ET:219.7081
[005930][Epoch 063/100] Epsilon:0.3737 #Expl.:17841/47621 #Buy:5376 #Sell:5774 #Hold:36471 #Stocks:119 PV:24,145,715 Loss:0.744924 ET:208.3456
[005930][Epoch 064/100] Epsilon:0.3636 #Expl.:17249/47621 #Buy:5238 #Sell:5734 #Hold:36649 #Stocks:239 PV:26,771,546 Loss:0.736601 ET:204.1298
[005930][Epoch 065/100] Epsilon:0.3535 #Expl.:17005/47621 #Buy:5664 #Sell:5705 #Hold:36252 #Stocks:296 PV:21,516,045 Loss:0.739376 ET:209.7809
[005930][Epoch 066/100] Epsilon:0.3434 #Expl.:16500/47621 #Buy:4911 #Sell:5378 #Hold:37332 #Stocks:261 PV:28,245,937 Loss:0.736224 ET:209.3752
[005930][Epoch 067/100] Epsilon:0.3333 #Expl.:15880/47621 #Buy:4680 #Sell:5129 #Hold:37812 #Stocks:136 PV:31,946,529 Loss:0.734955 ET:210.8957
[005930][Epoch 068/100] Epsilon:0.3232 #Expl.:15060/47621 #Buy:4452 #Sell:4951 #Hold:38218 #Stocks:18 PV:31,558,942 Loss:0.737315 ET:215.2442
[005930][Epoch 069/100] Epsilon:0.3131 #Expl.:14827/47621 #Buy:4376 #Sell:4807 #Hold:38438 #Stocks:213 PV:33,421,659 Loss:0.736896 ET:212.4515
[005930][Epoch 070/100] Epsilon:0.3030 #Expl.:14420/47621 #Buy:4316 #Sell:4760 #Hold:38545 #Stocks:277 PV:39,208,735 Loss:0.732125 ET:222.7990
[005930][Epoch 071/100] Epsilon:0.2929 #Expl.:14031/47621 #Buy:4335 #Sell:4645 #Hold:38641 #Stocks:528 PV:38,378,202 Loss:0.729719 ET:213.8031
[005930][Epoch 072/100] Epsilon:0.2828 #Expl.:13450/47621 #Buy:3905 #Sell:4416 #Hold:39300 #Stocks:253 PV:40,321,777 Loss:0.718787 ET:227.0038
[005930][Epoch 073/100] Epsilon:0.2727 #Expl.:12966/47621 #Buy:3792 #Sell:4270 #Hold:39559 #Stocks:451 PV:40,481,798 Loss:0.719845 ET:206.7188
[005930][Epoch 074/100] Epsilon:0.2626 #Expl.:12351/47621 #Buy:3596 #Sell:4064 #Hold:39961 #Stocks:415 PV:48,511,293 Loss:0.715174 ET:245.9624
[005930][Epoch 075/100] Epsilon:0.2525 #Expl.:11871/47621 #Buy:3479 #Sell:3925 #Hold:40217 #Stocks:504 PV:41,434,768 Loss:0.720260 ET:207.7150
[005930][Epoch 076/100] Epsilon:0.2424 #Expl.:11528/47621 #Buy:3668 #Sell:3855 #Hold:40098 #Stocks:352 PV:43,612,261 Loss:0.718111 ET:203.9956
[005930][Epoch 077/100] Epsilon:0.2323 #Expl.:11196/47621 #Buy:3541 #Sell:3795 #Hold:40285 #Stocks:675 PV:49,073,892 Loss:0.715775 ET:208.8401
[005930][Epoch 078/100] Epsilon:0.2222 #Expl.:10716/47621 #Buy:3676 #Sell:3653 #Hold:40292 #Stocks:610 PV:44,299,350 Loss:0.720753 ET:204.0208
[005930][Epoch 079/100] Epsilon:0.2121 #Expl.:10000/47621 #Buy:3364 #Sell:3341 #Hold:40916 #Stocks:670 PV:48,652,948 Loss:0.718694 ET:201.1177
[005930][Epoch 080/100] Epsilon:0.2020 #Expl.:9746/47621 #Buy:3281 #Sell:3253 #Hold:41087 #Stocks:675 PV:49,006,085 Loss:0.716933 ET:199.7711
[005930][Epoch 081/100] Epsilon:0.1919 #Expl.:9071/47621 #Buy:2985 #Sell:2961 #Hold:41675 #Stocks:735 PV:53,407,672 Loss:0.711379 ET:205.7658
[005930][Epoch 082/100] Epsilon:0.1818 #Expl.:8821/47621 #Buy:2917 #Sell:2894 #Hold:41810 #Stocks:740 PV:53,779,799 Loss:0.710785 ET:230.2251
[005930][Epoch 083/100] Epsilon:0.1717 #Expl.:8273/47621 #Buy:2735 #Sell:2737 #Hold:42149 #Stocks:712 PV:56,404,878 Loss:0.709518 ET:221.4310
[005930][Epoch 084/100] Epsilon:0.1616 #Expl.:7539/47621 #Buy:2253 #Sell:2464 #Hold:42904 #Stocks:569 PV:58,107,556 Loss:0.709625 ET:216.3056
[005930][Epoch 085/100] Epsilon:0.1515 #Expl.:7159/47621 #Buy:2316 #Sell:2360 #Hold:42945 #Stocks:851 PV:61,838,433 Loss:0.705974 ET:207.8911
[005930][Epoch 086/100] Epsilon:0.1414 #Expl.:6648/47621 #Buy:2071 #Sell:2208 #Hold:43342 #Stocks:671 PV:65,188,782 Loss:0.703536 ET:217.9611
[005930][Epoch 087/100] Epsilon:0.1313 #Expl.:6260/47621 #Buy:2021 #Sell:2080 #Hold:43520 #Stocks:904 PV:65,670,634 Loss:0.704396 ET:209.6411
[005930][Epoch 088/100] Epsilon:0.1212 #Expl.:5878/47621 #Buy:1855 #Sell:1941 #Hold:43825 #Stocks:846 PV:66,011,589 Loss:0.702732 ET:213.9506
[005930][Epoch 089/100] Epsilon:0.1111 #Expl.:5274/47621 #Buy:1590 #Sell:1761 #Hold:44270 #Stocks:207 PV:71,565,969 Loss:0.700573 ET:213.9985
[005930][Epoch 090/100] Epsilon:0.1010 #Expl.:4790/47621 #Buy:1469 #Sell:1618 #Hold:44534 #Stocks:74 PV:73,167,408 Loss:0.701378 ET:220.7741
[005930][Epoch 091/100] Epsilon:0.0909 #Expl.:4252/47621 #Buy:1254 #Sell:1361 #Hold:45006 #Stocks:877 PV:78,067,357 Loss:0.701384 ET:222.6638
[005930][Epoch 092/100] Epsilon:0.0808 #Expl.:3888/47621 #Buy:1145 #Sell:1241 #Hold:45235 #Stocks:484 PV:76,664,509 Loss:0.700603 ET:227.0455
[005930][Epoch 093/100] Epsilon:0.0707 #Expl.:3267/47621 #Buy:1011 #Sell:1114 #Hold:45496 #Stocks:949 PV:77,916,884 Loss:0.699592 ET:224.3219
[005930][Epoch 094/100] Epsilon:0.0606 #Expl.:2912/47621 #Buy:936 #Sell:1000 #Hold:45685 #Stocks:599 PV:82,298,152 Loss:0.695964 ET:220.9943
[005930][Epoch 095/100] Epsilon:0.0505 #Expl.:2408/47621 #Buy:828 #Sell:809 #Hold:45984 #Stocks:1104 PV:80,156,435 Loss:0.692974 ET:216.1332
[005930][Epoch 096/100] Epsilon:0.0404 #Expl.:1875/47621 #Buy:668 #Sell:647 #Hold:46306 #Stocks:1128 PV:81,897,107 Loss:0.696284 ET:221.6035
[005930][Epoch 097/100] Epsilon:0.0303 #Expl.:1455/47621 #Buy:479 #Sell:466 #Hold:46676 #Stocks:1168 PV:84,820,365 Loss:0.698738 ET:217.0721
[005930][Epoch 098/100] Epsilon:0.0202 #Expl.:1025/47621 #Buy:344 #Sell:335 #Hold:46942 #Stocks:1214 PV:88,146,696 Loss:0.697775 ET:217.7825
[005930][Epoch 099/100] Epsilon:0.0101 #Expl.:475/47621 #Buy:261 #Sell:240 #Hold:47120 #Stocks:1245 PV:90,424,448 Loss:0.696319 ET:212.7243
[005930][Epoch 100/100] Epsilon:0.0000 #Expl.:0/47621 #Buy:124 #Sell:104 #Hold:47393 #Stocks:1253 PV:91,018,782 Loss:0.697251 ET:221.7119
[005930] Elapsed Time:22906.4512 Max PV:91,018,782 #Win:0
