{"mode": "train", "ver": "v3", "name": "005930", "stock_code": ["005930"], "rl_method": "a3c", "net": "lstm", "backend": "pytorch", "start_date": "20210801", "end_date": "20211131", "lr": 0.0001, "discount_factor": 0.7, "balance": 100000000}
[005930] RL:a3c NET:lstm LR:0.0001 DF:0.7 
[005930][Epoch 001/100] Epsilon:1.0000 #Expl.:30857/30857 #Buy:7998 #Sell:8587 #Hold:14272 #Stocks:0 PV:183,224 Loss:0.747564 ET:165.0145
[005930][Epoch 002/100] Epsilon:0.9899 #Expl.:30551/30857 #Buy:8019 #Sell:8577 #Hold:14261 #Stocks:2 PV:170,583 Loss:0.738271 ET:138.4128
[005930][Epoch 003/100] Epsilon:0.9798 #Expl.:30246/30857 #Buy:7856 #Sell:8331 #Hold:14670 #Stocks:2 PV:167,796 Loss:0.735786 ET:135.0337
[005930][Epoch 004/100] Epsilon:0.9697 #Expl.:29928/30857 #Buy:7936 #Sell:8405 #Hold:14516 #Stocks:0 PV:146,617 Loss:0.736762 ET:135.9903
[005930][Epoch 005/100] Epsilon:0.9596 #Expl.:29565/30857 #Buy:8102 #Sell:8516 #Hold:14239 #Stocks:3 PV:246,765 Loss:0.739808 ET:137.9774
[005930][Epoch 006/100] Epsilon:0.9495 #Expl.:29290/30857 #Buy:8112 #Sell:8517 #Hold:14228 #Stocks:2 PV:198,606 Loss:0.740182 ET:157.7245
[005930][Epoch 007/100] Epsilon:0.9394 #Expl.:28958/30857 #Buy:8061 #Sell:8401 #Hold:14395 #Stocks:2 PV:182,524 Loss:0.741374 ET:153.3943
[005930][Epoch 008/100] Epsilon:0.9293 #Expl.:28731/30857 #Buy:8053 #Sell:8364 #Hold:14440 #Stocks:0 PV:299,469 Loss:0.739424 ET:158.4331
[005930][Epoch 009/100] Epsilon:0.9192 #Expl.:28419/30857 #Buy:7987 #Sell:8306 #Hold:14564 #Stocks:0 PV:286,225 Loss:0.740566 ET:157.8582
[005930][Epoch 010/100] Epsilon:0.9091 #Expl.:27985/30857 #Buy:8070 #Sell:8377 #Hold:14410 #Stocks:0 PV:315,971 Loss:0.741121 ET:136.9527
[005930][Epoch 011/100] Epsilon:0.8990 #Expl.:27760/30857 #Buy:7893 #Sell:8174 #Hold:14790 #Stocks:0 PV:287,688 Loss:0.740655 ET:157.5202
[005930][Epoch 012/100] Epsilon:0.8889 #Expl.:27440/30857 #Buy:8061 #Sell:8320 #Hold:14476 #Stocks:3 PV:227,653 Loss:0.739808 ET:147.9534
[005930][Epoch 013/100] Epsilon:0.8788 #Expl.:27118/30857 #Buy:7939 #Sell:8159 #Hold:14759 #Stocks:0 PV:253,802 Loss:0.739266 ET:139.8515
[005930][Epoch 014/100] Epsilon:0.8687 #Expl.:26807/30857 #Buy:7913 #Sell:8090 #Hold:14854 #Stocks:4 PV:310,412 Loss:0.740535 ET:140.7917
[005930][Epoch 015/100] Epsilon:0.8586 #Expl.:26579/30857 #Buy:7865 #Sell:8003 #Hold:14989 #Stocks:0 PV:367,328 Loss:0.742293 ET:139.3229
[005930][Epoch 016/100] Epsilon:0.8485 #Expl.:26152/30857 #Buy:7877 #Sell:8036 #Hold:14944 #Stocks:0 PV:334,208 Loss:0.741929 ET:138.3128
[005930][Epoch 017/100] Epsilon:0.8384 #Expl.:25897/30857 #Buy:7728 #Sell:7876 #Hold:15253 #Stocks:0 PV:550,176 Loss:0.743237 ET:139.3047
[005930][Epoch 018/100] Epsilon:0.8283 #Expl.:25540/30857 #Buy:7811 #Sell:7959 #Hold:15087 #Stocks:6 PV:451,824 Loss:0.743681 ET:140.5753
[005930][Epoch 019/100] Epsilon:0.8182 #Expl.:25236/30857 #Buy:7703 #Sell:7815 #Hold:15339 #Stocks:8 PV:636,610 Loss:0.745201 ET:139.0570
[005930][Epoch 020/100] Epsilon:0.8081 #Expl.:24942/30857 #Buy:7640 #Sell:7763 #Hold:15454 #Stocks:10 PV:761,742 Loss:0.744566 ET:139.5925
[005930][Epoch 021/100] Epsilon:0.7980 #Expl.:24579/30857 #Buy:7556 #Sell:7652 #Hold:15649 #Stocks:0 PV:749,488 Loss:0.744705 ET:137.4768
[005930][Epoch 022/100] Epsilon:0.7879 #Expl.:24280/30857 #Buy:7540 #Sell:7613 #Hold:15704 #Stocks:14 PV:1,038,007 Loss:0.746291 ET:137.4286
[005930][Epoch 023/100] Epsilon:0.7778 #Expl.:23945/30857 #Buy:7476 #Sell:7541 #Hold:15840 #Stocks:10 PV:775,087 Loss:0.745613 ET:136.7846
[005930][Epoch 024/100] Epsilon:0.7677 #Expl.:23779/30857 #Buy:7481 #Sell:7574 #Hold:15802 #Stocks:14 PV:1,033,005 Loss:0.746290 ET:138.2948
[005930][Epoch 025/100] Epsilon:0.7576 #Expl.:23496/30857 #Buy:7451 #Sell:7532 #Hold:15874 #Stocks:17 PV:1,298,609 Loss:0.746313 ET:138.2983
[005930][Epoch 026/100] Epsilon:0.7475 #Expl.:23044/30857 #Buy:7274 #Sell:7334 #Hold:16249 #Stocks:20 PV:1,479,604 Loss:0.747770 ET:139.6829
[005930][Epoch 027/100] Epsilon:0.7374 #Expl.:22757/30857 #Buy:7249 #Sell:7284 #Hold:16324 #Stocks:0 PV:1,407,100 Loss:0.746634 ET:142.1178
[005930][Epoch 028/100] Epsilon:0.7273 #Expl.:22512/30857 #Buy:7281 #Sell:7328 #Hold:16248 #Stocks:0 PV:2,250,838 Loss:0.748087 ET:140.6531
[005930][Epoch 029/100] Epsilon:0.7172 #Expl.:22200/30857 #Buy:7107 #Sell:7145 #Hold:16605 #Stocks:41 PV:3,024,189 Loss:0.748729 ET:137.8497
[005930][Epoch 030/100] Epsilon:0.7071 #Expl.:21831/30857 #Buy:7057 #Sell:7095 #Hold:16705 #Stocks:31 PV:2,296,236 Loss:0.749108 ET:137.6367
[005930][Epoch 031/100] Epsilon:0.6970 #Expl.:21505/30857 #Buy:7065 #Sell:7107 #Hold:16685 #Stocks:37 PV:2,729,777 Loss:0.748582 ET:138.3044
[005930][Epoch 032/100] Epsilon:0.6869 #Expl.:21184/30857 #Buy:7085 #Sell:7118 #Hold:16654 #Stocks:0 PV:3,420,341 Loss:0.747701 ET:139.1035
[005930][Epoch 033/100] Epsilon:0.6768 #Expl.:20879/30857 #Buy:6824 #Sell:6843 #Hold:17190 #Stocks:67 PV:4,913,294 Loss:0.747928 ET:141.1896
[005930][Epoch 034/100] Epsilon:0.6667 #Expl.:20697/30857 #Buy:6745 #Sell:6774 #Hold:17338 #Stocks:101 PV:7,391,538 Loss:0.747371 ET:140.3439
[005930][Epoch 035/100] Epsilon:0.6566 #Expl.:20326/30857 #Buy:6359 #Sell:6602 #Hold:17896 #Stocks:8 PV:9,799,373 Loss:0.743554 ET:137.6984
[005930][Epoch 036/100] Epsilon:0.6465 #Expl.:19973/30857 #Buy:6191 #Sell:6441 #Hold:18225 #Stocks:190 PV:13,850,746 Loss:0.741508 ET:139.1934
[005930][Epoch 037/100] Epsilon:0.6364 #Expl.:19735/30857 #Buy:6157 #Sell:6416 #Hold:18284 #Stocks:47 PV:11,822,293 Loss:0.741941 ET:139.3965
[005930][Epoch 038/100] Epsilon:0.6263 #Expl.:19353/30857 #Buy:6157 #Sell:6337 #Hold:18363 #Stocks:27 PV:15,872,401 Loss:0.740066 ET:139.7612
[005930][Epoch 039/100] Epsilon:0.6162 #Expl.:19000/30857 #Buy:6305 #Sell:6361 #Hold:18191 #Stocks:186 PV:13,511,595 Loss:0.739515 ET:139.4826
[005930][Epoch 040/100] Epsilon:0.6061 #Expl.:18748/30857 #Buy:6110 #Sell:6213 #Hold:18534 #Stocks:171 PV:12,474,991 Loss:0.743021 ET:139.2906
[005930][Epoch 041/100] Epsilon:0.5960 #Expl.:18492/30857 #Buy:5892 #Sell:6072 #Hold:18893 #Stocks:157 PV:16,059,540 Loss:0.736370 ET:140.2240
[005930][Epoch 042/100] Epsilon:0.5859 #Expl.:17988/30857 #Buy:5768 #Sell:5907 #Hold:19182 #Stocks:314 PV:22,835,842 Loss:0.732382 ET:140.4035
[005930][Epoch 043/100] Epsilon:0.5758 #Expl.:17930/30857 #Buy:5662 #Sell:5845 #Hold:19350 #Stocks:0 PV:18,610,634 Loss:0.735242 ET:140.5129
[005930][Epoch 044/100] Epsilon:0.5657 #Expl.:17516/30857 #Buy:5654 #Sell:5775 #Hold:19428 #Stocks:150 PV:19,063,174 Loss:0.733373 ET:139.3561
[005930][Epoch 045/100] Epsilon:0.5556 #Expl.:17186/30857 #Buy:5348 #Sell:5498 #Hold:20011 #Stocks:296 PV:22,880,057 Loss:0.730929 ET:141.5432
[005930][Epoch 046/100] Epsilon:0.5455 #Expl.:16725/30857 #Buy:5412 #Sell:5529 #Hold:19916 #Stocks:246 PV:26,788,672 Loss:0.730587 ET:148.2229
[005930][Epoch 047/100] Epsilon:0.5354 #Expl.:16517/30857 #Buy:5201 #Sell:5355 #Hold:20301 #Stocks:357 PV:25,942,161 Loss:0.726456 ET:142.3352
[005930][Epoch 048/100] Epsilon:0.5253 #Expl.:16401/30857 #Buy:5333 #Sell:5425 #Hold:20099 #Stocks:373 PV:27,085,185 Loss:0.728705 ET:139.2869
[005930][Epoch 049/100] Epsilon:0.5152 #Expl.:15846/30857 #Buy:4974 #Sell:5175 #Hold:20708 #Stocks:195 PV:27,384,189 Loss:0.726382 ET:139.7954
[005930][Epoch 050/100] Epsilon:0.5051 #Expl.:15376/30857 #Buy:4877 #Sell:5042 #Hold:20938 #Stocks:394 PV:28,660,797 Loss:0.723865 ET:139.4793
[005930][Epoch 051/100] Epsilon:0.4949 #Expl.:15236/30857 #Buy:4767 #Sell:4904 #Hold:21186 #Stocks:364 PV:30,345,269 Loss:0.724526 ET:139.7941
[005930][Epoch 052/100] Epsilon:0.4848 #Expl.:15051/30857 #Buy:4916 #Sell:4944 #Hold:20997 #Stocks:412 PV:34,591,250 Loss:0.724079 ET:139.5572
[005930][Epoch 053/100] Epsilon:0.4747 #Expl.:14626/30857 #Buy:4688 #Sell:4844 #Hold:21325 #Stocks:424 PV:30,852,103 Loss:0.723620 ET:141.2016
[005930][Epoch 054/100] Epsilon:0.4646 #Expl.:14303/30857 #Buy:4595 #Sell:4749 #Hold:21513 #Stocks:510 PV:37,029,925 Loss:0.720377 ET:140.5258
[005930][Epoch 055/100] Epsilon:0.4545 #Expl.:14030/30857 #Buy:4477 #Sell:4630 #Hold:21750 #Stocks:127 PV:36,631,329 Loss:0.718426 ET:141.6200
[005930][Epoch 056/100] Epsilon:0.4444 #Expl.:13680/30857 #Buy:4391 #Sell:4484 #Hold:21982 #Stocks:540 PV:39,228,723 Loss:0.718707 ET:139.4583
[005930][Epoch 057/100] Epsilon:0.4343 #Expl.:13553/30857 #Buy:4342 #Sell:4471 #Hold:22044 #Stocks:146 PV:37,537,345 Loss:0.719240 ET:140.2848
[005930][Epoch 058/100] Epsilon:0.4242 #Expl.:13026/30857 #Buy:4140 #Sell:4282 #Hold:22435 #Stocks:98 PV:37,067,374 Loss:0.718907 ET:139.7348
[005930][Epoch 059/100] Epsilon:0.4141 #Expl.:12733/30857 #Buy:4080 #Sell:4177 #Hold:22600 #Stocks:637 PV:46,269,865 Loss:0.713225 ET:140.9970
[005930][Epoch 060/100] Epsilon:0.4040 #Expl.:12422/30857 #Buy:3936 #Sell:4097 #Hold:22824 #Stocks:171 PV:43,538,656 Loss:0.713709 ET:139.8079
[005930][Epoch 061/100] Epsilon:0.3939 #Expl.:12085/30857 #Buy:4067 #Sell:4045 #Hold:22745 #Stocks:524 PV:42,571,671 Loss:0.717001 ET:140.8558
[005930][Epoch 062/100] Epsilon:0.3838 #Expl.:11684/30857 #Buy:3708 #Sell:3824 #Hold:23325 #Stocks:247 PV:53,072,432 Loss:0.710054 ET:139.2202
[005930][Epoch 063/100] Epsilon:0.3737 #Expl.:11532/30857 #Buy:3729 #Sell:3846 #Hold:23282 #Stocks:515 PV:41,946,247 Loss:0.717335 ET:139.4040
[005930][Epoch 064/100] Epsilon:0.3636 #Expl.:11265/30857 #Buy:3678 #Sell:3793 #Hold:23386 #Stocks:334 PV:46,750,587 Loss:0.711845 ET:139.7829
[005930][Epoch 065/100] Epsilon:0.3535 #Expl.:10929/30857 #Buy:3519 #Sell:3647 #Hold:23691 #Stocks:432 PV:48,490,930 Loss:0.712655 ET:140.0579
[005930][Epoch 066/100] Epsilon:0.3434 #Expl.:10592/30857 #Buy:3411 #Sell:3502 #Hold:23944 #Stocks:541 PV:46,979,232 Loss:0.714530 ET:139.9432
[005930][Epoch 067/100] Epsilon:0.3333 #Expl.:10219/30857 #Buy:3191 #Sell:3302 #Hold:24364 #Stocks:719 PV:52,230,265 Loss:0.713148 ET:139.3337
[005930][Epoch 068/100] Epsilon:0.3232 #Expl.:9872/30857 #Buy:3045 #Sell:3176 #Hold:24636 #Stocks:678 PV:53,608,833 Loss:0.710374 ET:139.7005
[005930][Epoch 069/100] Epsilon:0.3131 #Expl.:9626/30857 #Buy:3007 #Sell:3173 #Hold:24677 #Stocks:229 PV:60,515,326 Loss:0.704785 ET:140.5499
[005930][Epoch 070/100] Epsilon:0.3030 #Expl.:9296/30857 #Buy:3093 #Sell:3066 #Hold:24698 #Stocks:718 PV:52,171,705 Loss:0.709598 ET:140.9123
[005930][Epoch 071/100] Epsilon:0.2929 #Expl.:8937/30857 #Buy:3004 #Sell:2993 #Hold:24860 #Stocks:720 PV:52,279,560 Loss:0.709420 ET:142.0124
[005930][Epoch 072/100] Epsilon:0.2828 #Expl.:8783/30857 #Buy:2985 #Sell:2961 #Hold:24911 #Stocks:674 PV:53,655,272 Loss:0.708308 ET:140.3441
[005930][Epoch 073/100] Epsilon:0.2727 #Expl.:8326/30857 #Buy:2687 #Sell:2729 #Hold:25441 #Stocks:672 PV:57,455,972 Loss:0.706961 ET:140.7087
[005930][Epoch 074/100] Epsilon:0.2626 #Expl.:8054/30857 #Buy:2594 #Sell:2672 #Hold:25591 #Stocks:258 PV:60,329,111 Loss:0.704951 ET:142.0179
[005930][Epoch 075/100] Epsilon:0.2525 #Expl.:7855/30857 #Buy:2534 #Sell:2588 #Hold:25735 #Stocks:619 PV:63,351,366 Loss:0.704754 ET:143.0553
[005930][Epoch 076/100] Epsilon:0.2424 #Expl.:7551/30857 #Buy:2390 #Sell:2506 #Hold:25961 #Stocks:0 PV:59,083,978 Loss:0.705117 ET:135.5215
[005930][Epoch 077/100] Epsilon:0.2323 #Expl.:7195/30857 #Buy:2195 #Sell:2256 #Hold:26406 #Stocks:863 PV:62,685,778 Loss:0.702540 ET:134.4203
[005930][Epoch 078/100] Epsilon:0.2222 #Expl.:6950/30857 #Buy:2213 #Sell:2250 #Hold:26394 #Stocks:955 PV:69,344,656 Loss:0.699442 ET:134.3609
[005930][Epoch 079/100] Epsilon:0.2121 #Expl.:6553/30857 #Buy:2009 #Sell:2112 #Hold:26736 #Stocks:526 PV:70,271,370 Loss:0.699293 ET:134.8690
[005930][Epoch 080/100] Epsilon:0.2020 #Expl.:6207/30857 #Buy:1923 #Sell:2009 #Hold:26925 #Stocks:883 PV:66,961,092 Loss:0.700828 ET:134.8038
[005930][Epoch 081/100] Epsilon:0.1919 #Expl.:5924/30857 #Buy:1840 #Sell:1914 #Hold:27103 #Stocks:792 PV:68,938,439 Loss:0.698156 ET:139.8210
[005930][Epoch 082/100] Epsilon:0.1818 #Expl.:5687/30857 #Buy:1775 #Sell:1853 #Hold:27229 #Stocks:878 PV:72,258,093 Loss:0.696217 ET:140.7174
[005930][Epoch 083/100] Epsilon:0.1717 #Expl.:5338/30857 #Buy:1645 #Sell:1710 #Hold:27502 #Stocks:388 PV:68,263,400 Loss:0.698692 ET:139.9499
[005930][Epoch 084/100] Epsilon:0.1616 #Expl.:5065/30857 #Buy:1570 #Sell:1632 #Hold:27655 #Stocks:78 PV:67,606,484 Loss:0.699462 ET:140.5751
[005930][Epoch 085/100] Epsilon:0.1515 #Expl.:4651/30857 #Buy:1452 #Sell:1546 #Hold:27859 #Stocks:239 PV:72,998,720 Loss:0.695157 ET:140.7938
[005930][Epoch 086/100] Epsilon:0.1414 #Expl.:4276/30857 #Buy:1340 #Sell:1421 #Hold:28096 #Stocks:362 PV:80,557,697 Loss:0.694654 ET:140.2778
[005930][Epoch 087/100] Epsilon:0.1313 #Expl.:4029/30857 #Buy:1250 #Sell:1325 #Hold:28282 #Stocks:775 PV:84,794,775 Loss:0.693861 ET:140.6525
[005930][Epoch 088/100] Epsilon:0.1212 #Expl.:3816/30857 #Buy:1201 #Sell:1252 #Hold:28404 #Stocks:896 PV:82,321,449 Loss:0.693773 ET:140.6655
[005930][Epoch 089/100] Epsilon:0.1111 #Expl.:3347/30857 #Buy:1033 #Sell:1080 #Hold:28744 #Stocks:500 PV:79,326,201 Loss:0.693673 ET:140.8778
[005930][Epoch 090/100] Epsilon:0.1010 #Expl.:3140/30857 #Buy:1024 #Sell:1042 #Hold:28791 #Stocks:888 PV:81,685,789 Loss:0.694129 ET:140.8933
[005930][Epoch 091/100] Epsilon:0.0909 #Expl.:2862/30857 #Buy:935 #Sell:941 #Hold:28981 #Stocks:887 PV:81,936,774 Loss:0.694330 ET:140.6470
[005930][Epoch 092/100] Epsilon:0.0808 #Expl.:2542/30857 #Buy:822 #Sell:816 #Hold:29219 #Stocks:723 PV:80,158,900 Loss:0.694821 ET:144.9504
[005930][Epoch 093/100] Epsilon:0.0707 #Expl.:2086/30857 #Buy:712 #Sell:705 #Hold:29440 #Stocks:556 PV:79,996,901 Loss:0.694741 ET:142.6931
[005930][Epoch 094/100] Epsilon:0.0606 #Expl.:1895/30857 #Buy:636 #Sell:626 #Hold:29595 #Stocks:758 PV:81,998,651 Loss:0.694428 ET:139.2127
[005930][Epoch 095/100] Epsilon:0.0505 #Expl.:1578/30857 #Buy:537 #Sell:526 #Hold:29794 #Stocks:811 PV:83,739,043 Loss:0.693842 ET:139.9877
[005930][Epoch 096/100] Epsilon:0.0404 #Expl.:1251/30857 #Buy:401 #Sell:391 #Hold:30065 #Stocks:1115 PV:84,583,617 Loss:0.693669 ET:140.7761
[005930][Epoch 097/100] Epsilon:0.0303 #Expl.:939/30857 #Buy:338 #Sell:323 #Hold:30196 #Stocks:1113 PV:85,530,551 Loss:0.693418 ET:140.2128
[005930][Epoch 098/100] Epsilon:0.0202 #Expl.:623/30857 #Buy:205 #Sell:185 #Hold:30467 #Stocks:1154 PV:88,550,500 Loss:0.692686 ET:140.2855
[005930][Epoch 099/100] Epsilon:0.0101 #Expl.:330/30857 #Buy:142 #Sell:123 #Hold:30592 #Stocks:1176 PV:85,423,967 Loss:0.693517 ET:140.0686
[005930][Epoch 100/100] Epsilon:0.0000 #Expl.:0/30857 #Buy:20 #Sell:0 #Hold:30837 #Stocks:1264 PV:91,769,003 Loss:0.692223 ET:140.5142
[005930] Elapsed Time:15032.9817 Max PV:91,769,003 #Win:0
