<<<<<<< HEAD
{"mode": "train", "ver": "v3", "name": "005930", "stock_code": ["005930"], "rl_method": "a3c", "net": "lstm", "backend": "pytorch", "start_date": "20211101", "end_date": "20211131", "lr": 0.0001, "discount_factor": 0.7, "balance": 100000000}
[005930] RL:a3c NET:lstm LR:0.0001 DF:0.7 
[005930][Epoch 001/100] Epsilon:1.0000 #Expl.:8378/8378 #Buy:2673 #Sell:2639 #Hold:3066 #Stocks:460 PV:59,730,968 Loss:0.722005 ET:40.9106
[005930][Epoch 002/100] Epsilon:0.9899 #Expl.:8307/8378 #Buy:2640 #Sell:2603 #Hold:3135 #Stocks:144 PV:65,088,510 Loss:0.710764 ET:43.8769
[005930][Epoch 003/100] Epsilon:0.9798 #Expl.:8216/8378 #Buy:2570 #Sell:2548 #Hold:3260 #Stocks:0 PV:64,211,450 Loss:0.711773 ET:40.1507
[005930][Epoch 004/100] Epsilon:0.9697 #Expl.:8130/8378 #Buy:2699 #Sell:2677 #Hold:3002 #Stocks:0 PV:61,288,036 Loss:0.712992 ET:41.4360
[005930][Epoch 005/100] Epsilon:0.9596 #Expl.:8046/8378 #Buy:2715 #Sell:2700 #Hold:2963 #Stocks:72 PV:63,215,292 Loss:0.712143 ET:42.7631
[005930][Epoch 006/100] Epsilon:0.9495 #Expl.:7946/8378 #Buy:2544 #Sell:2544 #Hold:3290 #Stocks:143 PV:61,423,115 Loss:0.711914 ET:40.5467
[005930][Epoch 007/100] Epsilon:0.9394 #Expl.:7893/8378 #Buy:2585 #Sell:2589 #Hold:3204 #Stocks:72 PV:64,511,395 Loss:0.709824 ET:42.2766
[005930][Epoch 008/100] Epsilon:0.9293 #Expl.:7772/8378 #Buy:2579 #Sell:2579 #Hold:3220 #Stocks:215 PV:66,180,851 Loss:0.708394 ET:43.6040
[005930][Epoch 009/100] Epsilon:0.9192 #Expl.:7676/8378 #Buy:2588 #Sell:2586 #Hold:3204 #Stocks:143 PV:64,897,794 Loss:0.709865 ET:41.4526
[005930][Epoch 010/100] Epsilon:0.9091 #Expl.:7646/8378 #Buy:2529 #Sell:2524 #Hold:3325 #Stocks:585 PV:63,255,425 Loss:0.710604 ET:42.7789
[005930][Epoch 011/100] Epsilon:0.8990 #Expl.:7534/8378 #Buy:2493 #Sell:2491 #Hold:3394 #Stocks:501 PV:65,338,415 Loss:0.709699 ET:41.6759
[005930][Epoch 012/100] Epsilon:0.8889 #Expl.:7443/8378 #Buy:2453 #Sell:2456 #Hold:3469 #Stocks:70 PV:63,830,913 Loss:0.711744 ET:42.7808
[005930][Epoch 013/100] Epsilon:0.8788 #Expl.:7401/8378 #Buy:2470 #Sell:2474 #Hold:3434 #Stocks:500 PV:67,441,949 Loss:0.706780 ET:41.4481
[005930][Epoch 014/100] Epsilon:0.8687 #Expl.:7286/8378 #Buy:2438 #Sell:2445 #Hold:3495 #Stocks:72 PV:65,037,238 Loss:0.709148 ET:39.6391
[005930][Epoch 015/100] Epsilon:0.8586 #Expl.:7193/8378 #Buy:2396 #Sell:2405 #Hold:3577 #Stocks:71 PV:67,294,956 Loss:0.707725 ET:39.4106
[005930][Epoch 016/100] Epsilon:0.8485 #Expl.:7092/8378 #Buy:2311 #Sell:2319 #Hold:3748 #Stocks:0 PV:65,589,572 Loss:0.709006 ET:38.5200
[005930][Epoch 017/100] Epsilon:0.8384 #Expl.:6982/8378 #Buy:2362 #Sell:2372 #Hold:3644 #Stocks:0 PV:64,337,791 Loss:0.710025 ET:37.2678
[005930][Epoch 018/100] Epsilon:0.8283 #Expl.:6960/8378 #Buy:2274 #Sell:2286 #Hold:3818 #Stocks:0 PV:66,505,941 Loss:0.707179 ET:36.8515
[005930][Epoch 019/100] Epsilon:0.8182 #Expl.:6870/8378 #Buy:2213 #Sell:2220 #Hold:3945 #Stocks:0 PV:66,452,977 Loss:0.707157 ET:38.9282
[005930][Epoch 020/100] Epsilon:0.8081 #Expl.:6740/8378 #Buy:2270 #Sell:2283 #Hold:3825 #Stocks:71 PV:68,773,261 Loss:0.707298 ET:37.4550
[005930][Epoch 021/100] Epsilon:0.7980 #Expl.:6657/8378 #Buy:2170 #Sell:2185 #Hold:4023 #Stocks:71 PV:68,659,433 Loss:0.706376 ET:39.0120
[005930][Epoch 022/100] Epsilon:0.7879 #Expl.:6560/8378 #Buy:2185 #Sell:2205 #Hold:3988 #Stocks:284 PV:67,601,239 Loss:0.708201 ET:42.2533
[005930][Epoch 023/100] Epsilon:0.7778 #Expl.:6490/8378 #Buy:2213 #Sell:2228 #Hold:3937 #Stocks:72 PV:68,388,371 Loss:0.706900 ET:45.3244
[005930][Epoch 024/100] Epsilon:0.7677 #Expl.:6444/8378 #Buy:2116 #Sell:2131 #Hold:4131 #Stocks:0 PV:69,475,328 Loss:0.706248 ET:44.6786
[005930][Epoch 025/100] Epsilon:0.7576 #Expl.:6325/8378 #Buy:2097 #Sell:2118 #Hold:4163 #Stocks:71 PV:68,669,380 Loss:0.706778 ET:41.1633
[005930][Epoch 026/100] Epsilon:0.7475 #Expl.:6268/8378 #Buy:2101 #Sell:2113 #Hold:4164 #Stocks:71 PV:69,823,610 Loss:0.705583 ET:38.6251
[005930][Epoch 027/100] Epsilon:0.7374 #Expl.:6186/8378 #Buy:2045 #Sell:2059 #Hold:4274 #Stocks:0 PV:70,283,504 Loss:0.705041 ET:39.2236
[005930][Epoch 028/100] Epsilon:0.7273 #Expl.:6068/8378 #Buy:2019 #Sell:2036 #Hold:4323 #Stocks:74 PV:71,207,794 Loss:0.704122 ET:35.9779
[005930][Epoch 029/100] Epsilon:0.7172 #Expl.:6011/8378 #Buy:2014 #Sell:2025 #Hold:4339 #Stocks:142 PV:70,702,644 Loss:0.705010 ET:35.4032
[005930][Epoch 030/100] Epsilon:0.7071 #Expl.:5898/8378 #Buy:1949 #Sell:1965 #Hold:4464 #Stocks:71 PV:71,920,260 Loss:0.703867 ET:35.1531
[005930][Epoch 031/100] Epsilon:0.6970 #Expl.:5843/8378 #Buy:1974 #Sell:1988 #Hold:4416 #Stocks:71 PV:72,010,103 Loss:0.703760 ET:38.8012
[005930][Epoch 032/100] Epsilon:0.6869 #Expl.:5691/8378 #Buy:1897 #Sell:1915 #Hold:4566 #Stocks:0 PV:72,593,716 Loss:0.703653 ET:36.3727
[005930][Epoch 033/100] Epsilon:0.6768 #Expl.:5642/8378 #Buy:1885 #Sell:1901 #Hold:4592 #Stocks:1 PV:72,786,347 Loss:0.702825 ET:35.2760
[005930][Epoch 034/100] Epsilon:0.6667 #Expl.:5487/8378 #Buy:1881 #Sell:1902 #Hold:4595 #Stocks:0 PV:74,705,017 Loss:0.701703 ET:36.2376
[005930][Epoch 035/100] Epsilon:0.6566 #Expl.:5523/8378 #Buy:1847 #Sell:1863 #Hold:4668 #Stocks:0 PV:73,474,839 Loss:0.702930 ET:35.4896
[005930][Epoch 036/100] Epsilon:0.6465 #Expl.:5377/8378 #Buy:1802 #Sell:1822 #Hold:4754 #Stocks:0 PV:74,493,086 Loss:0.702229 ET:38.1414
[005930][Epoch 037/100] Epsilon:0.6364 #Expl.:5274/8378 #Buy:1725 #Sell:1739 #Hold:4914 #Stocks:138 PV:75,972,322 Loss:0.701059 ET:39.0439
[005930][Epoch 038/100] Epsilon:0.6263 #Expl.:5176/8378 #Buy:1726 #Sell:1742 #Hold:4910 #Stocks:71 PV:75,043,421 Loss:0.701881 ET:38.2608
[005930][Epoch 039/100] Epsilon:0.6162 #Expl.:5146/8378 #Buy:1772 #Sell:1789 #Hold:4817 #Stocks:0 PV:75,851,653 Loss:0.701187 ET:38.4103
[005930][Epoch 040/100] Epsilon:0.6061 #Expl.:5100/8378 #Buy:1701 #Sell:1712 #Hold:4965 #Stocks:0 PV:74,693,622 Loss:0.701772 ET:38.9451
[005930][Epoch 041/100] Epsilon:0.5960 #Expl.:4950/8378 #Buy:1607 #Sell:1623 #Hold:5148 #Stocks:0 PV:76,777,159 Loss:0.700245 ET:38.9816
[005930][Epoch 042/100] Epsilon:0.5859 #Expl.:4848/8378 #Buy:1638 #Sell:1649 #Hold:5091 #Stocks:0 PV:75,969,200 Loss:0.700976 ET:38.1503
[005930][Epoch 043/100] Epsilon:0.5758 #Expl.:4828/8378 #Buy:1636 #Sell:1646 #Hold:5096 #Stocks:0 PV:77,104,123 Loss:0.699743 ET:38.5375
[005930][Epoch 044/100] Epsilon:0.5657 #Expl.:4707/8378 #Buy:1563 #Sell:1569 #Hold:5246 #Stocks:0 PV:76,979,065 Loss:0.700315 ET:38.2641
[005930][Epoch 045/100] Epsilon:0.5556 #Expl.:4633/8378 #Buy:1542 #Sell:1545 #Hold:5291 #Stocks:0 PV:77,057,091 Loss:0.699786 ET:38.7922
[005930][Epoch 046/100] Epsilon:0.5455 #Expl.:4548/8378 #Buy:1546 #Sell:1548 #Hold:5284 #Stocks:71 PV:78,331,120 Loss:0.699571 ET:38.2596
[005930][Epoch 047/100] Epsilon:0.5354 #Expl.:4484/8378 #Buy:1491 #Sell:1497 #Hold:5390 #Stocks:71 PV:78,821,964 Loss:0.699150 ET:38.4795
[005930][Epoch 048/100] Epsilon:0.5253 #Expl.:4424/8378 #Buy:1430 #Sell:1432 #Hold:5516 #Stocks:0 PV:78,966,081 Loss:0.698646 ET:38.0896
[005930][Epoch 049/100] Epsilon:0.5152 #Expl.:4279/8378 #Buy:1447 #Sell:1450 #Hold:5481 #Stocks:0 PV:79,978,925 Loss:0.698262 ET:38.4366
[005930][Epoch 050/100] Epsilon:0.5051 #Expl.:4280/8378 #Buy:1406 #Sell:1412 #Hold:5560 #Stocks:0 PV:79,951,327 Loss:0.698676 ET:38.1913
[005930][Epoch 051/100] Epsilon:0.4949 #Expl.:4169/8378 #Buy:1424 #Sell:1434 #Hold:5520 #Stocks:0 PV:79,069,852 Loss:0.699275 ET:38.7978
[005930][Epoch 052/100] Epsilon:0.4848 #Expl.:4068/8378 #Buy:1393 #Sell:1402 #Hold:5583 #Stocks:0 PV:82,185,527 Loss:0.697970 ET:38.5970
[005930][Epoch 053/100] Epsilon:0.4747 #Expl.:3970/8378 #Buy:1308 #Sell:1297 #Hold:5773 #Stocks:0 PV:87,387,817 Loss:0.696206 ET:38.6836
[005930][Epoch 054/100] Epsilon:0.4646 #Expl.:3894/8378 #Buy:1324 #Sell:1332 #Hold:5722 #Stocks:71 PV:79,925,565 Loss:0.699442 ET:39.1222
[005930][Epoch 055/100] Epsilon:0.4545 #Expl.:3733/8378 #Buy:1227 #Sell:1231 #Hold:5920 #Stocks:0 PV:84,124,699 Loss:0.697285 ET:38.5117
[005930][Epoch 056/100] Epsilon:0.4444 #Expl.:3718/8378 #Buy:1244 #Sell:1255 #Hold:5879 #Stocks:0 PV:81,279,097 Loss:0.698627 ET:38.7139
[005930][Epoch 057/100] Epsilon:0.4343 #Expl.:3678/8378 #Buy:1204 #Sell:1222 #Hold:5952 #Stocks:0 PV:83,425,042 Loss:0.697289 ET:39.6242
[005930][Epoch 058/100] Epsilon:0.4242 #Expl.:3515/8378 #Buy:1134 #Sell:1143 #Hold:6101 #Stocks:0 PV:82,323,410 Loss:0.698283 ET:38.0086
[005930][Epoch 059/100] Epsilon:0.4141 #Expl.:3393/8378 #Buy:1107 #Sell:1116 #Hold:6155 #Stocks:0 PV:91,447,776 Loss:0.694413 ET:37.9776
[005930][Epoch 060/100] Epsilon:0.4040 #Expl.:3361/8378 #Buy:1161 #Sell:1167 #Hold:6050 #Stocks:143 PV:82,484,165 Loss:0.696536 ET:38.4146
[005930][Epoch 061/100] Epsilon:0.3939 #Expl.:3319/8378 #Buy:1082 #Sell:1092 #Hold:6204 #Stocks:0 PV:90,445,628 Loss:0.694748 ET:38.3233
[005930][Epoch 062/100] Epsilon:0.3838 #Expl.:3164/8378 #Buy:1053 #Sell:1048 #Hold:6277 #Stocks:1121 PV:81,397,030 Loss:0.697332 ET:38.0701
[005930][Epoch 063/100] Epsilon:0.3737 #Expl.:3193/8378 #Buy:1060 #Sell:1069 #Hold:6249 #Stocks:506 PV:90,017,334 Loss:0.694370 ET:38.3845
[005930][Epoch 064/100] Epsilon:0.3636 #Expl.:2986/8378 #Buy:977 #Sell:967 #Hold:6434 #Stocks:578 PV:92,618,770 Loss:0.694227 ET:37.9985
[005930][Epoch 065/100] Epsilon:0.3535 #Expl.:2898/8378 #Buy:1002 #Sell:1000 #Hold:6376 #Stocks:0 PV:80,267,947 Loss:0.698440 ET:38.1762
[005930][Epoch 066/100] Epsilon:0.3434 #Expl.:2911/8378 #Buy:1048 #Sell:1051 #Hold:6279 #Stocks:0 PV:93,005,089 Loss:0.694410 ET:38.0721
[005930][Epoch 067/100] Epsilon:0.3333 #Expl.:2800/8378 #Buy:923 #Sell:920 #Hold:6535 #Stocks:0 PV:82,194,710 Loss:0.697192 ET:38.6212
[005930][Epoch 068/100] Epsilon:0.3232 #Expl.:2717/8378 #Buy:920 #Sell:897 #Hold:6561 #Stocks:1293 PV:93,889,234 Loss:0.694014 ET:38.2712
[005930][Epoch 069/100] Epsilon:0.3131 #Expl.:2611/8378 #Buy:846 #Sell:851 #Hold:6681 #Stocks:0 PV:84,764,966 Loss:0.696945 ET:38.5731
[005930][Epoch 070/100] Epsilon:0.3030 #Expl.:2556/8378 #Buy:876 #Sell:854 #Hold:6648 #Stocks:1218 PV:93,660,683 Loss:0.694057 ET:38.1192
[005930][Epoch 071/100] Epsilon:0.2929 #Expl.:2454/8378 #Buy:900 #Sell:880 #Hold:6598 #Stocks:1289 PV:93,597,965 Loss:0.693960 ET:38.6369
[005930][Epoch 072/100] Epsilon:0.2828 #Expl.:2387/8378 #Buy:747 #Sell:750 #Hold:6881 #Stocks:0 PV:86,043,593 Loss:0.696979 ET:38.2273
[005930][Epoch 073/100] Epsilon:0.2727 #Expl.:2277/8378 #Buy:822 #Sell:801 #Hold:6755 #Stocks:1333 PV:96,796,941 Loss:0.693753 ET:38.4180
[005930][Epoch 074/100] Epsilon:0.2626 #Expl.:2213/8378 #Buy:791 #Sell:793 #Hold:6794 #Stocks:0 PV:85,447,096 Loss:0.697287 ET:38.5265
[005930][Epoch 075/100] Epsilon:0.2525 #Expl.:2218/8378 #Buy:753 #Sell:728 #Hold:6897 #Stocks:1316 PV:95,575,436 Loss:0.693784 ET:40.1085
[005930][Epoch 076/100] Epsilon:0.2424 #Expl.:2030/8378 #Buy:727 #Sell:725 #Hold:6926 #Stocks:72 PV:98,069,618 Loss:0.693682 ET:38.9180
[005930][Epoch 077/100] Epsilon:0.2323 #Expl.:1936/8378 #Buy:656 #Sell:656 #Hold:7066 #Stocks:0 PV:84,898,484 Loss:0.696887 ET:39.4298
[005930][Epoch 078/100] Epsilon:0.2222 #Expl.:1859/8378 #Buy:663 #Sell:644 #Hold:7071 #Stocks:1379 PV:100,158,130 Loss:0.693530 ET:38.5647
[005930][Epoch 079/100] Epsilon:0.2121 #Expl.:1792/8378 #Buy:675 #Sell:672 #Hold:7031 #Stocks:0 PV:98,974,907 Loss:0.693739 ET:37.9678
[005930][Epoch 080/100] Epsilon:0.2020 #Expl.:1723/8378 #Buy:588 #Sell:578 #Hold:7212 #Stocks:0 PV:90,198,332 Loss:0.695509 ET:37.7837
[005930][Epoch 081/100] Epsilon:0.1919 #Expl.:1600/8378 #Buy:571 #Sell:546 #Hold:7261 #Stocks:1356 PV:98,485,764 Loss:0.693940 ET:39.7615
[005930][Epoch 082/100] Epsilon:0.1818 #Expl.:1499/8378 #Buy:526 #Sell:500 #Hold:7352 #Stocks:1336 PV:97,023,153 Loss:0.693743 ET:39.6114
[005930][Epoch 083/100] Epsilon:0.1717 #Expl.:1440/8378 #Buy:476 #Sell:471 #Hold:7431 #Stocks:213 PV:92,689,416 Loss:0.694381 ET:39.9031
[005930][Epoch 084/100] Epsilon:0.1616 #Expl.:1281/8378 #Buy:485 #Sell:460 #Hold:7433 #Stocks:1373 PV:99,682,148 Loss:0.693659 ET:39.2794
[005930][Epoch 085/100] Epsilon:0.1515 #Expl.:1262/8378 #Buy:463 #Sell:453 #Hold:7462 #Stocks:1337 PV:97,073,174 Loss:0.693480 ET:39.3634
[005930][Epoch 086/100] Epsilon:0.1414 #Expl.:1168/8378 #Buy:396 #Sell:403 #Hold:7579 #Stocks:0 PV:93,624,822 Loss:0.694360 ET:39.9473
[005930][Epoch 087/100] Epsilon:0.1313 #Expl.:1159/8378 #Buy:381 #Sell:385 #Hold:7612 #Stocks:441 PV:94,091,863 Loss:0.693892 ET:39.7454
[005930][Epoch 088/100] Epsilon:0.1212 #Expl.:1039/8378 #Buy:376 #Sell:353 #Hold:7649 #Stocks:1382 PV:100,358,909 Loss:0.693467 ET:41.1709
[005930][Epoch 089/100] Epsilon:0.1111 #Expl.:958/8378 #Buy:325 #Sell:311 #Hold:7742 #Stocks:1035 PV:95,821,449 Loss:0.693832 ET:40.5332
[005930][Epoch 090/100] Epsilon:0.1010 #Expl.:863/8378 #Buy:309 #Sell:284 #Hold:7785 #Stocks:1363 PV:99,023,269 Loss:0.693608 ET:38.2514
[005930][Epoch 091/100] Epsilon:0.0909 #Expl.:708/8378 #Buy:259 #Sell:253 #Hold:7866 #Stocks:792 PV:103,325,780 Loss:0.693534 ET:41.2887
[005930][Epoch 092/100] Epsilon:0.0808 #Expl.:673/8378 #Buy:263 #Sell:262 #Hold:7853 #Stocks:0 PV:90,373,688 Loss:0.694968 ET:39.2227
[005930][Epoch 093/100] Epsilon:0.0707 #Expl.:612/8378 #Buy:245 #Sell:224 #Hold:7909 #Stocks:1426 PV:103,563,337 Loss:0.693542 ET:38.6728
[005930][Epoch 094/100] Epsilon:0.0606 #Expl.:548/8378 #Buy:235 #Sell:218 #Hold:7925 #Stocks:1357 PV:103,691,959 Loss:0.693530 ET:39.3859
[005930][Epoch 095/100] Epsilon:0.0505 #Expl.:443/8378 #Buy:174 #Sell:152 #Hold:8052 #Stocks:1419 PV:103,048,968 Loss:0.693454 ET:38.2387
[005930][Epoch 096/100] Epsilon:0.0404 #Expl.:322/8378 #Buy:139 #Sell:137 #Hold:8102 #Stocks:219 PV:103,234,925 Loss:0.693557 ET:37.9855
[005930][Epoch 097/100] Epsilon:0.0303 #Expl.:253/8378 #Buy:119 #Sell:117 #Hold:8142 #Stocks:0 PV:92,390,377 Loss:0.694615 ET:38.0951
[005930][Epoch 098/100] Epsilon:0.0202 #Expl.:170/8378 #Buy:123 #Sell:102 #Hold:8153 #Stocks:1489 PV:108,101,461 Loss:0.693705 ET:38.5455
[005930][Epoch 099/100] Epsilon:0.0101 #Expl.:85/8378 #Buy:95 #Sell:75 #Hold:8208 #Stocks:1494 PV:108,470,520 Loss:0.693718 ET:38.1555
[005930][Epoch 100/100] Epsilon:0.0000 #Expl.:0/8378 #Buy:66 #Sell:47 #Hold:8265 #Stocks:1502 PV:109,096,247 Loss:0.693792 ET:37.9056
[005930] Elapsed Time:4186.2095 Max PV:109,096,247 #Win:10
=======
{"mode": "train", "ver": "v3", "name": "005930", "stock_code": ["005930"], "rl_method": "a3c", "net": "lstm", "backend": "pytorch", "start_date": "20211101", "end_date": "20211131", "lr": 0.0001, "discount_factor": 0.7, "balance": 100000000}
[005930] RL:a3c NET:lstm LR:0.0001 DF:0.7 
[005930][Epoch 001/100] Epsilon:1.0000 #Expl.:8378/8378 #Buy:2673 #Sell:2639 #Hold:3066 #Stocks:460 PV:59,730,968 Loss:0.722005 ET:40.9106
[005930][Epoch 002/100] Epsilon:0.9899 #Expl.:8307/8378 #Buy:2640 #Sell:2603 #Hold:3135 #Stocks:144 PV:65,088,510 Loss:0.710764 ET:43.8769
[005930][Epoch 003/100] Epsilon:0.9798 #Expl.:8216/8378 #Buy:2570 #Sell:2548 #Hold:3260 #Stocks:0 PV:64,211,450 Loss:0.711773 ET:40.1507
[005930][Epoch 004/100] Epsilon:0.9697 #Expl.:8130/8378 #Buy:2699 #Sell:2677 #Hold:3002 #Stocks:0 PV:61,288,036 Loss:0.712992 ET:41.4360
[005930][Epoch 005/100] Epsilon:0.9596 #Expl.:8046/8378 #Buy:2715 #Sell:2700 #Hold:2963 #Stocks:72 PV:63,215,292 Loss:0.712143 ET:42.7631
[005930][Epoch 006/100] Epsilon:0.9495 #Expl.:7946/8378 #Buy:2544 #Sell:2544 #Hold:3290 #Stocks:143 PV:61,423,115 Loss:0.711914 ET:40.5467
[005930][Epoch 007/100] Epsilon:0.9394 #Expl.:7893/8378 #Buy:2585 #Sell:2589 #Hold:3204 #Stocks:72 PV:64,511,395 Loss:0.709824 ET:42.2766
[005930][Epoch 008/100] Epsilon:0.9293 #Expl.:7772/8378 #Buy:2579 #Sell:2579 #Hold:3220 #Stocks:215 PV:66,180,851 Loss:0.708394 ET:43.6040
[005930][Epoch 009/100] Epsilon:0.9192 #Expl.:7676/8378 #Buy:2588 #Sell:2586 #Hold:3204 #Stocks:143 PV:64,897,794 Loss:0.709865 ET:41.4526
[005930][Epoch 010/100] Epsilon:0.9091 #Expl.:7646/8378 #Buy:2529 #Sell:2524 #Hold:3325 #Stocks:585 PV:63,255,425 Loss:0.710604 ET:42.7789
[005930][Epoch 011/100] Epsilon:0.8990 #Expl.:7534/8378 #Buy:2493 #Sell:2491 #Hold:3394 #Stocks:501 PV:65,338,415 Loss:0.709699 ET:41.6759
[005930][Epoch 012/100] Epsilon:0.8889 #Expl.:7443/8378 #Buy:2453 #Sell:2456 #Hold:3469 #Stocks:70 PV:63,830,913 Loss:0.711744 ET:42.7808
[005930][Epoch 013/100] Epsilon:0.8788 #Expl.:7401/8378 #Buy:2470 #Sell:2474 #Hold:3434 #Stocks:500 PV:67,441,949 Loss:0.706780 ET:41.4481
[005930][Epoch 014/100] Epsilon:0.8687 #Expl.:7286/8378 #Buy:2438 #Sell:2445 #Hold:3495 #Stocks:72 PV:65,037,238 Loss:0.709148 ET:39.6391
[005930][Epoch 015/100] Epsilon:0.8586 #Expl.:7193/8378 #Buy:2396 #Sell:2405 #Hold:3577 #Stocks:71 PV:67,294,956 Loss:0.707725 ET:39.4106
[005930][Epoch 016/100] Epsilon:0.8485 #Expl.:7092/8378 #Buy:2311 #Sell:2319 #Hold:3748 #Stocks:0 PV:65,589,572 Loss:0.709006 ET:38.5200
[005930][Epoch 017/100] Epsilon:0.8384 #Expl.:6982/8378 #Buy:2362 #Sell:2372 #Hold:3644 #Stocks:0 PV:64,337,791 Loss:0.710025 ET:37.2678
[005930][Epoch 018/100] Epsilon:0.8283 #Expl.:6960/8378 #Buy:2274 #Sell:2286 #Hold:3818 #Stocks:0 PV:66,505,941 Loss:0.707179 ET:36.8515
[005930][Epoch 019/100] Epsilon:0.8182 #Expl.:6870/8378 #Buy:2213 #Sell:2220 #Hold:3945 #Stocks:0 PV:66,452,977 Loss:0.707157 ET:38.9282
[005930][Epoch 020/100] Epsilon:0.8081 #Expl.:6740/8378 #Buy:2270 #Sell:2283 #Hold:3825 #Stocks:71 PV:68,773,261 Loss:0.707298 ET:37.4550
[005930][Epoch 021/100] Epsilon:0.7980 #Expl.:6657/8378 #Buy:2170 #Sell:2185 #Hold:4023 #Stocks:71 PV:68,659,433 Loss:0.706376 ET:39.0120
[005930][Epoch 022/100] Epsilon:0.7879 #Expl.:6560/8378 #Buy:2185 #Sell:2205 #Hold:3988 #Stocks:284 PV:67,601,239 Loss:0.708201 ET:42.2533
[005930][Epoch 023/100] Epsilon:0.7778 #Expl.:6490/8378 #Buy:2213 #Sell:2228 #Hold:3937 #Stocks:72 PV:68,388,371 Loss:0.706900 ET:45.3244
[005930][Epoch 024/100] Epsilon:0.7677 #Expl.:6444/8378 #Buy:2116 #Sell:2131 #Hold:4131 #Stocks:0 PV:69,475,328 Loss:0.706248 ET:44.6786
[005930][Epoch 025/100] Epsilon:0.7576 #Expl.:6325/8378 #Buy:2097 #Sell:2118 #Hold:4163 #Stocks:71 PV:68,669,380 Loss:0.706778 ET:41.1633
[005930][Epoch 026/100] Epsilon:0.7475 #Expl.:6268/8378 #Buy:2101 #Sell:2113 #Hold:4164 #Stocks:71 PV:69,823,610 Loss:0.705583 ET:38.6251
[005930][Epoch 027/100] Epsilon:0.7374 #Expl.:6186/8378 #Buy:2045 #Sell:2059 #Hold:4274 #Stocks:0 PV:70,283,504 Loss:0.705041 ET:39.2236
[005930][Epoch 028/100] Epsilon:0.7273 #Expl.:6068/8378 #Buy:2019 #Sell:2036 #Hold:4323 #Stocks:74 PV:71,207,794 Loss:0.704122 ET:35.9779
[005930][Epoch 029/100] Epsilon:0.7172 #Expl.:6011/8378 #Buy:2014 #Sell:2025 #Hold:4339 #Stocks:142 PV:70,702,644 Loss:0.705010 ET:35.4032
[005930][Epoch 030/100] Epsilon:0.7071 #Expl.:5898/8378 #Buy:1949 #Sell:1965 #Hold:4464 #Stocks:71 PV:71,920,260 Loss:0.703867 ET:35.1531
[005930][Epoch 031/100] Epsilon:0.6970 #Expl.:5843/8378 #Buy:1974 #Sell:1988 #Hold:4416 #Stocks:71 PV:72,010,103 Loss:0.703760 ET:38.8012
[005930][Epoch 032/100] Epsilon:0.6869 #Expl.:5691/8378 #Buy:1897 #Sell:1915 #Hold:4566 #Stocks:0 PV:72,593,716 Loss:0.703653 ET:36.3727
[005930][Epoch 033/100] Epsilon:0.6768 #Expl.:5642/8378 #Buy:1885 #Sell:1901 #Hold:4592 #Stocks:1 PV:72,786,347 Loss:0.702825 ET:35.2760
[005930][Epoch 034/100] Epsilon:0.6667 #Expl.:5487/8378 #Buy:1881 #Sell:1902 #Hold:4595 #Stocks:0 PV:74,705,017 Loss:0.701703 ET:36.2376
[005930][Epoch 035/100] Epsilon:0.6566 #Expl.:5523/8378 #Buy:1847 #Sell:1863 #Hold:4668 #Stocks:0 PV:73,474,839 Loss:0.702930 ET:35.4896
[005930][Epoch 036/100] Epsilon:0.6465 #Expl.:5377/8378 #Buy:1802 #Sell:1822 #Hold:4754 #Stocks:0 PV:74,493,086 Loss:0.702229 ET:38.1414
[005930][Epoch 037/100] Epsilon:0.6364 #Expl.:5274/8378 #Buy:1725 #Sell:1739 #Hold:4914 #Stocks:138 PV:75,972,322 Loss:0.701059 ET:39.0439
[005930][Epoch 038/100] Epsilon:0.6263 #Expl.:5176/8378 #Buy:1726 #Sell:1742 #Hold:4910 #Stocks:71 PV:75,043,421 Loss:0.701881 ET:38.2608
[005930][Epoch 039/100] Epsilon:0.6162 #Expl.:5146/8378 #Buy:1772 #Sell:1789 #Hold:4817 #Stocks:0 PV:75,851,653 Loss:0.701187 ET:38.4103
[005930][Epoch 040/100] Epsilon:0.6061 #Expl.:5100/8378 #Buy:1701 #Sell:1712 #Hold:4965 #Stocks:0 PV:74,693,622 Loss:0.701772 ET:38.9451
[005930][Epoch 041/100] Epsilon:0.5960 #Expl.:4950/8378 #Buy:1607 #Sell:1623 #Hold:5148 #Stocks:0 PV:76,777,159 Loss:0.700245 ET:38.9816
[005930][Epoch 042/100] Epsilon:0.5859 #Expl.:4848/8378 #Buy:1638 #Sell:1649 #Hold:5091 #Stocks:0 PV:75,969,200 Loss:0.700976 ET:38.1503
[005930][Epoch 043/100] Epsilon:0.5758 #Expl.:4828/8378 #Buy:1636 #Sell:1646 #Hold:5096 #Stocks:0 PV:77,104,123 Loss:0.699743 ET:38.5375
[005930][Epoch 044/100] Epsilon:0.5657 #Expl.:4707/8378 #Buy:1563 #Sell:1569 #Hold:5246 #Stocks:0 PV:76,979,065 Loss:0.700315 ET:38.2641
[005930][Epoch 045/100] Epsilon:0.5556 #Expl.:4633/8378 #Buy:1542 #Sell:1545 #Hold:5291 #Stocks:0 PV:77,057,091 Loss:0.699786 ET:38.7922
[005930][Epoch 046/100] Epsilon:0.5455 #Expl.:4548/8378 #Buy:1546 #Sell:1548 #Hold:5284 #Stocks:71 PV:78,331,120 Loss:0.699571 ET:38.2596
[005930][Epoch 047/100] Epsilon:0.5354 #Expl.:4484/8378 #Buy:1491 #Sell:1497 #Hold:5390 #Stocks:71 PV:78,821,964 Loss:0.699150 ET:38.4795
[005930][Epoch 048/100] Epsilon:0.5253 #Expl.:4424/8378 #Buy:1430 #Sell:1432 #Hold:5516 #Stocks:0 PV:78,966,081 Loss:0.698646 ET:38.0896
[005930][Epoch 049/100] Epsilon:0.5152 #Expl.:4279/8378 #Buy:1447 #Sell:1450 #Hold:5481 #Stocks:0 PV:79,978,925 Loss:0.698262 ET:38.4366
[005930][Epoch 050/100] Epsilon:0.5051 #Expl.:4280/8378 #Buy:1406 #Sell:1412 #Hold:5560 #Stocks:0 PV:79,951,327 Loss:0.698676 ET:38.1913
[005930][Epoch 051/100] Epsilon:0.4949 #Expl.:4169/8378 #Buy:1424 #Sell:1434 #Hold:5520 #Stocks:0 PV:79,069,852 Loss:0.699275 ET:38.7978
[005930][Epoch 052/100] Epsilon:0.4848 #Expl.:4068/8378 #Buy:1393 #Sell:1402 #Hold:5583 #Stocks:0 PV:82,185,527 Loss:0.697970 ET:38.5970
[005930][Epoch 053/100] Epsilon:0.4747 #Expl.:3970/8378 #Buy:1308 #Sell:1297 #Hold:5773 #Stocks:0 PV:87,387,817 Loss:0.696206 ET:38.6836
[005930][Epoch 054/100] Epsilon:0.4646 #Expl.:3894/8378 #Buy:1324 #Sell:1332 #Hold:5722 #Stocks:71 PV:79,925,565 Loss:0.699442 ET:39.1222
[005930][Epoch 055/100] Epsilon:0.4545 #Expl.:3733/8378 #Buy:1227 #Sell:1231 #Hold:5920 #Stocks:0 PV:84,124,699 Loss:0.697285 ET:38.5117
[005930][Epoch 056/100] Epsilon:0.4444 #Expl.:3718/8378 #Buy:1244 #Sell:1255 #Hold:5879 #Stocks:0 PV:81,279,097 Loss:0.698627 ET:38.7139
[005930][Epoch 057/100] Epsilon:0.4343 #Expl.:3678/8378 #Buy:1204 #Sell:1222 #Hold:5952 #Stocks:0 PV:83,425,042 Loss:0.697289 ET:39.6242
[005930][Epoch 058/100] Epsilon:0.4242 #Expl.:3515/8378 #Buy:1134 #Sell:1143 #Hold:6101 #Stocks:0 PV:82,323,410 Loss:0.698283 ET:38.0086
[005930][Epoch 059/100] Epsilon:0.4141 #Expl.:3393/8378 #Buy:1107 #Sell:1116 #Hold:6155 #Stocks:0 PV:91,447,776 Loss:0.694413 ET:37.9776
[005930][Epoch 060/100] Epsilon:0.4040 #Expl.:3361/8378 #Buy:1161 #Sell:1167 #Hold:6050 #Stocks:143 PV:82,484,165 Loss:0.696536 ET:38.4146
[005930][Epoch 061/100] Epsilon:0.3939 #Expl.:3319/8378 #Buy:1082 #Sell:1092 #Hold:6204 #Stocks:0 PV:90,445,628 Loss:0.694748 ET:38.3233
[005930][Epoch 062/100] Epsilon:0.3838 #Expl.:3164/8378 #Buy:1053 #Sell:1048 #Hold:6277 #Stocks:1121 PV:81,397,030 Loss:0.697332 ET:38.0701
[005930][Epoch 063/100] Epsilon:0.3737 #Expl.:3193/8378 #Buy:1060 #Sell:1069 #Hold:6249 #Stocks:506 PV:90,017,334 Loss:0.694370 ET:38.3845
[005930][Epoch 064/100] Epsilon:0.3636 #Expl.:2986/8378 #Buy:977 #Sell:967 #Hold:6434 #Stocks:578 PV:92,618,770 Loss:0.694227 ET:37.9985
[005930][Epoch 065/100] Epsilon:0.3535 #Expl.:2898/8378 #Buy:1002 #Sell:1000 #Hold:6376 #Stocks:0 PV:80,267,947 Loss:0.698440 ET:38.1762
[005930][Epoch 066/100] Epsilon:0.3434 #Expl.:2911/8378 #Buy:1048 #Sell:1051 #Hold:6279 #Stocks:0 PV:93,005,089 Loss:0.694410 ET:38.0721
[005930][Epoch 067/100] Epsilon:0.3333 #Expl.:2800/8378 #Buy:923 #Sell:920 #Hold:6535 #Stocks:0 PV:82,194,710 Loss:0.697192 ET:38.6212
[005930][Epoch 068/100] Epsilon:0.3232 #Expl.:2717/8378 #Buy:920 #Sell:897 #Hold:6561 #Stocks:1293 PV:93,889,234 Loss:0.694014 ET:38.2712
[005930][Epoch 069/100] Epsilon:0.3131 #Expl.:2611/8378 #Buy:846 #Sell:851 #Hold:6681 #Stocks:0 PV:84,764,966 Loss:0.696945 ET:38.5731
[005930][Epoch 070/100] Epsilon:0.3030 #Expl.:2556/8378 #Buy:876 #Sell:854 #Hold:6648 #Stocks:1218 PV:93,660,683 Loss:0.694057 ET:38.1192
[005930][Epoch 071/100] Epsilon:0.2929 #Expl.:2454/8378 #Buy:900 #Sell:880 #Hold:6598 #Stocks:1289 PV:93,597,965 Loss:0.693960 ET:38.6369
[005930][Epoch 072/100] Epsilon:0.2828 #Expl.:2387/8378 #Buy:747 #Sell:750 #Hold:6881 #Stocks:0 PV:86,043,593 Loss:0.696979 ET:38.2273
[005930][Epoch 073/100] Epsilon:0.2727 #Expl.:2277/8378 #Buy:822 #Sell:801 #Hold:6755 #Stocks:1333 PV:96,796,941 Loss:0.693753 ET:38.4180
[005930][Epoch 074/100] Epsilon:0.2626 #Expl.:2213/8378 #Buy:791 #Sell:793 #Hold:6794 #Stocks:0 PV:85,447,096 Loss:0.697287 ET:38.5265
[005930][Epoch 075/100] Epsilon:0.2525 #Expl.:2218/8378 #Buy:753 #Sell:728 #Hold:6897 #Stocks:1316 PV:95,575,436 Loss:0.693784 ET:40.1085
[005930][Epoch 076/100] Epsilon:0.2424 #Expl.:2030/8378 #Buy:727 #Sell:725 #Hold:6926 #Stocks:72 PV:98,069,618 Loss:0.693682 ET:38.9180
[005930][Epoch 077/100] Epsilon:0.2323 #Expl.:1936/8378 #Buy:656 #Sell:656 #Hold:7066 #Stocks:0 PV:84,898,484 Loss:0.696887 ET:39.4298
[005930][Epoch 078/100] Epsilon:0.2222 #Expl.:1859/8378 #Buy:663 #Sell:644 #Hold:7071 #Stocks:1379 PV:100,158,130 Loss:0.693530 ET:38.5647
[005930][Epoch 079/100] Epsilon:0.2121 #Expl.:1792/8378 #Buy:675 #Sell:672 #Hold:7031 #Stocks:0 PV:98,974,907 Loss:0.693739 ET:37.9678
[005930][Epoch 080/100] Epsilon:0.2020 #Expl.:1723/8378 #Buy:588 #Sell:578 #Hold:7212 #Stocks:0 PV:90,198,332 Loss:0.695509 ET:37.7837
[005930][Epoch 081/100] Epsilon:0.1919 #Expl.:1600/8378 #Buy:571 #Sell:546 #Hold:7261 #Stocks:1356 PV:98,485,764 Loss:0.693940 ET:39.7615
[005930][Epoch 082/100] Epsilon:0.1818 #Expl.:1499/8378 #Buy:526 #Sell:500 #Hold:7352 #Stocks:1336 PV:97,023,153 Loss:0.693743 ET:39.6114
[005930][Epoch 083/100] Epsilon:0.1717 #Expl.:1440/8378 #Buy:476 #Sell:471 #Hold:7431 #Stocks:213 PV:92,689,416 Loss:0.694381 ET:39.9031
[005930][Epoch 084/100] Epsilon:0.1616 #Expl.:1281/8378 #Buy:485 #Sell:460 #Hold:7433 #Stocks:1373 PV:99,682,148 Loss:0.693659 ET:39.2794
[005930][Epoch 085/100] Epsilon:0.1515 #Expl.:1262/8378 #Buy:463 #Sell:453 #Hold:7462 #Stocks:1337 PV:97,073,174 Loss:0.693480 ET:39.3634
[005930][Epoch 086/100] Epsilon:0.1414 #Expl.:1168/8378 #Buy:396 #Sell:403 #Hold:7579 #Stocks:0 PV:93,624,822 Loss:0.694360 ET:39.9473
[005930][Epoch 087/100] Epsilon:0.1313 #Expl.:1159/8378 #Buy:381 #Sell:385 #Hold:7612 #Stocks:441 PV:94,091,863 Loss:0.693892 ET:39.7454
[005930][Epoch 088/100] Epsilon:0.1212 #Expl.:1039/8378 #Buy:376 #Sell:353 #Hold:7649 #Stocks:1382 PV:100,358,909 Loss:0.693467 ET:41.1709
[005930][Epoch 089/100] Epsilon:0.1111 #Expl.:958/8378 #Buy:325 #Sell:311 #Hold:7742 #Stocks:1035 PV:95,821,449 Loss:0.693832 ET:40.5332
[005930][Epoch 090/100] Epsilon:0.1010 #Expl.:863/8378 #Buy:309 #Sell:284 #Hold:7785 #Stocks:1363 PV:99,023,269 Loss:0.693608 ET:38.2514
[005930][Epoch 091/100] Epsilon:0.0909 #Expl.:708/8378 #Buy:259 #Sell:253 #Hold:7866 #Stocks:792 PV:103,325,780 Loss:0.693534 ET:41.2887
[005930][Epoch 092/100] Epsilon:0.0808 #Expl.:673/8378 #Buy:263 #Sell:262 #Hold:7853 #Stocks:0 PV:90,373,688 Loss:0.694968 ET:39.2227
[005930][Epoch 093/100] Epsilon:0.0707 #Expl.:612/8378 #Buy:245 #Sell:224 #Hold:7909 #Stocks:1426 PV:103,563,337 Loss:0.693542 ET:38.6728
[005930][Epoch 094/100] Epsilon:0.0606 #Expl.:548/8378 #Buy:235 #Sell:218 #Hold:7925 #Stocks:1357 PV:103,691,959 Loss:0.693530 ET:39.3859
[005930][Epoch 095/100] Epsilon:0.0505 #Expl.:443/8378 #Buy:174 #Sell:152 #Hold:8052 #Stocks:1419 PV:103,048,968 Loss:0.693454 ET:38.2387
[005930][Epoch 096/100] Epsilon:0.0404 #Expl.:322/8378 #Buy:139 #Sell:137 #Hold:8102 #Stocks:219 PV:103,234,925 Loss:0.693557 ET:37.9855
[005930][Epoch 097/100] Epsilon:0.0303 #Expl.:253/8378 #Buy:119 #Sell:117 #Hold:8142 #Stocks:0 PV:92,390,377 Loss:0.694615 ET:38.0951
[005930][Epoch 098/100] Epsilon:0.0202 #Expl.:170/8378 #Buy:123 #Sell:102 #Hold:8153 #Stocks:1489 PV:108,101,461 Loss:0.693705 ET:38.5455
[005930][Epoch 099/100] Epsilon:0.0101 #Expl.:85/8378 #Buy:95 #Sell:75 #Hold:8208 #Stocks:1494 PV:108,470,520 Loss:0.693718 ET:38.1555
[005930][Epoch 100/100] Epsilon:0.0000 #Expl.:0/8378 #Buy:66 #Sell:47 #Hold:8265 #Stocks:1502 PV:109,096,247 Loss:0.693792 ET:37.9056
[005930] Elapsed Time:4186.2095 Max PV:109,096,247 #Win:10
>>>>>>> 02d01c5458bce960eafe5baa7b3a675b16a6d745
